#
# A fatal error has been detected by the Java Runtime Environment:
#
#  EXCEPTION_ACCESS_VIOLATION (0xc0000005) at pc=0x00000249dc8de67e, pid=10768, tid=7692
#
# JRE version: Java(TM) SE Runtime Environment (11.0.2+9) (build 11.0.2+9-LTS)
# Java VM: Java HotSpot(TM) 64-Bit Server VM (11.0.2+9-LTS, mixed mode, tiered, compressed oops, g1 gc, windows-amd64)
# Problematic frame:
# J 2246 c1 java.util.AbstractCollection.toArray()[Ljava/lang/Object; java.base@11.0.2 (70 bytes) @ 0x00000249dc8de67e [0x00000249dc8de260+0x000000000000041e]
#
# No core dump will be written. Minidumps are not enabled by default on client versions of Windows
#
# If you would like to submit a bug report, please visit:
#   http://bugreport.java.com/bugreport/crash.jsp
#

---------------  S U M M A R Y ------------

Command Line: -javaagent:C:\\Users\\vithy\\.m2\\repository\\org\\jacoco\\org.jacoco.agent\\0.8.6\\org.jacoco.agent-0.8.6-runtime.jar=destfile=e:\\Springboot\\InnectoToken\\login\\target\\jacoco.exec -Xms64m -Xmx1024m C:\Users\vithy\AppData\Local\Temp\surefire16911979540801742624\surefirebooter10082242669165112853.jar C:\Users\vithy\AppData\Local\Temp\surefire16911979540801742624 2022-03-04T23-40-36_715-jvmRun1 surefire11653332127503870699tmp surefire_013526543711814505599tmp

Host: Intel(R) Pentium(R) CPU N4200 @ 1.10GHz, 4 cores, 3G,  Windows 10 , 64 bit Build 19041 (10.0.19041.1566)
Time: Fri Mar  4 23:41:37 2022 India Standard Time elapsed time: 59 seconds (0d 0h 0m 59s)

---------------  T H R E A D  ---------------

Current thread (0x00000249f4112000):  JavaThread "Thread-0" [_thread_in_Java, id=7692, stack(0x00000082ffe00000,0x00000082fff00000)]

Stack: [0x00000082ffe00000,0x00000082fff00000],  sp=0x00000082ffeff2b0,  free space=1020k
Native frames: (J=compiled Java code, j=interpreted, Vv=VM code, C=native code)
C  0x00000249dc8de67e


siginfo: EXCEPTION_ACCESS_VIOLATION (0xc0000005), reading address 0x000000026e7feb88


Register to memory mapping:

RIP=0x00000249dc8de67e is at entry_point+1054 in (nmethod*)0x00000249dc8de010
RAX=0x00000000c1a1ca20 is pointing into object: org.jacoco.agent.rt.internal_f3994fa.core.data.ExecutionData 
{0x00000000c1a1ca18} - klass: 'org/jacoco/agent/rt/internal_f3994fa/core/data/ExecutionData'
RBX=0x0000000000000030 is an unknown value
RCX=0x00000249eb6b6985 points into unknown readable memory: 20 20 20
RDX=0x0000000100001000 is a pointer to class: 
java.lang.Object {0x0000000100001008}
RSP=0x00000082ffeff2b0 is pointing into the stack for thread: 0x00000249f4112000
RBP=0x00000000c6d2aeb8 is an oop: java.util.ArrayList 
{0x00000000c6d2aeb8} - klass: 'java/util/ArrayList'
RSI=0x00000000c6d2aee0 is an oop: [Ljava.lang.Object; 
{0x00000000c6d2aee0} - klass: 'java/lang/Object'[]
 - length: 5897
RDI=0x000000026e7feb58 is an unknown value
R8 =0x00000000c11abe70 is an oop: [Ljava.util.HashMap$Node; 
{0x00000000c11abe70} - klass: 'java/util/HashMap$Node'[]
 - length: 8192
R9 =0x000000000000005b is an unknown value
R10=0x00000249d3be1000 points into unknown readable memory: 00 00 00 00 00 00 00 00
R11=0x00000000c1a1ca20 is pointing into object: org.jacoco.agent.rt.internal_f3994fa.core.data.ExecutionData 
{0x00000000c1a1ca18} - klass: 'org/jacoco/agent/rt/internal_f3994fa/core/data/ExecutionData'
R12=0x0 is NULL
R13=0x00000000c6d30b18 is an oop: java.util.HashMap$ValueIterator 
{0x00000000c6d30b18} - klass: 'java/util/HashMap$ValueIterator'
R14=0x00000000c3666020 is an oop: java.util.HashMap$Node 
{0x00000000c3666020} - klass: 'java/util/HashMap$Node'
R15=0x00000249f4112000 is a thread


Registers:
RAX=0x00000000c1a1ca20, RBX=0x0000000000000030, RCX=0x00000249eb6b6985, RDX=0x0000000100001000
RSP=0x00000082ffeff2b0, RBP=0x00000000c6d2aeb8, RSI=0x00000000c6d2aee0, RDI=0x000000026e7feb58
R8 =0x00000000c11abe70, R9 =0x000000000000005b, R10=0x00000249d3be1000, R11=0x00000000c1a1ca20
R12=0x0000000000000000, R13=0x00000000c6d30b18, R14=0x00000000c3666020, R15=0x00000249f4112000
RIP=0x00000249dc8de67e, EFLAGS=0x0000000000010202

Top of Stack: (sp=0x00000082ffeff2b0)
0x00000082ffeff2b0:   00000000c6d2c4fc 0000000000000000
0x00000082ffeff2c0:   00000249f4112000 00000082ffeff420
0x00000082ffeff2d0:   0000000000000084 00007ffec4757a60
0x00000082ffeff2e0:   00000249f4112000 0000000100031380
0x00000082ffeff2f0:   00000000c6d2aed0 00000000c6d2aee0
0x00000082ffeff300:   00000000c6d30b18 0000000100000584
0x00000082ffeff310:   0000000000000000 00000000c6d2aed0
0x00000082ffeff320:   00000000c6d2aeb8 00000249e3b36ad8
0x00000082ffeff330:   00000000c0490ce8 0000000000000000
0x00000082ffeff340:   00000249f4112000 00000082ffeff410
0x00000082ffeff350:   00000000c6d2aeb8 00007ffec4886d09
0x00000082ffeff360:   00000000001ebff0 00000000000000b7
0x00000082ffeff370:   00000082ffeff410 00000249dbe6d4f5
0x00000082ffeff380:   00000249f4112000 0000000000000069
0x00000082ffeff390:   00000082ffeff410 00000249dbe59e03
0x00000082ffeff3a0:   00000249f4112000 00000249dbe59e03 

Instructions: (pc=0x00000249dc8de67e)
0x00000249dc8de65e:   56 08 48 c1 e2 03 8b 78 08 48 c1 e7 03 48 8b 92
0x00000249dc8de66e:   e8 00 00 00 48 3b fa 0f 84 28 00 00 00 8b 5a 10
0x00000249dc8de67e:   48 3b 14 1f 0f 84 1b 00 00 00 83 fb 20 0f 85 99
0x00000249dc8de68e:   00 00 00 57 52 e8 68 ef 65 ff 5f 5a 83 fa 00 0f 


Stack slot to memory mapping:
stack at sp + 0 slots: 0x00000000c6d2c4fc is pointing into object: [Ljava.lang.Object; 
{0x00000000c6d2aee0} - klass: 'java/lang/Object'[]
 - length: 5897
stack at sp + 1 slots: 0x0 is NULL
stack at sp + 2 slots: 0x00000249f4112000 is a thread
stack at sp + 3 slots: 0x00000082ffeff420 is pointing into the stack for thread: 0x00000249f4112000
stack at sp + 4 slots: 0x0000000000000084 is an unknown value
stack at sp + 5 slots: 0x00007ffec4757a60 jvm.dll
stack at sp + 6 slots: 0x00000249f4112000 is a thread
stack at sp + 7 slots: 0x0000000100031380 is a pointer to class: 
java.util.ArrayList {0x0000000100031388}



---------------  P R O C E S S  ---------------

Threads class SMR info:
_java_thread_list=0x00000249f7910ed0, length=17, elements={
0x00000249d3afb000, 0x00000249f084f800, 0x00000249f0859000, 0x00000249f08b0800,
0x00000249f08b1800, 0x00000249f08b4000, 0x00000249f08c2800, 0x00000249f0a3f000,
0x00000249f0b39000, 0x00000249f13ea800, 0x00000249f13c3000, 0x00000249f77d5800,
0x00000249f5e9c800, 0x00000249f4110800, 0x00000249f4111000, 0x00000249f4112000,
0x00000249f4112800
}

Java Threads: ( => current thread )
  0x00000249d3afb000 JavaThread "main" [_thread_blocked, id=13268, stack(0x00000082fe300000,0x00000082fe400000)]
  0x00000249f084f800 JavaThread "Reference Handler" daemon [_thread_blocked, id=8676, stack(0x00000082fea00000,0x00000082feb00000)]
  0x00000249f0859000 JavaThread "Finalizer" daemon [_thread_blocked, id=2604, stack(0x00000082feb00000,0x00000082fec00000)]
  0x00000249f08b0800 JavaThread "Signal Dispatcher" daemon [_thread_blocked, id=11860, stack(0x00000082fec00000,0x00000082fed00000)]
  0x00000249f08b1800 JavaThread "Attach Listener" daemon [_thread_blocked, id=14700, stack(0x00000082fed00000,0x00000082fee00000)]
  0x00000249f08b4000 JavaThread "C2 CompilerThread0" daemon [_thread_blocked, id=10176, stack(0x00000082fee00000,0x00000082fef00000)]
  0x00000249f08c2800 JavaThread "C1 CompilerThread0" daemon [_thread_blocked, id=6276, stack(0x00000082fef00000,0x00000082ff000000)]
  0x00000249f0a3f000 JavaThread "Sweeper thread" daemon [_thread_blocked, id=14220, stack(0x00000082ff000000,0x00000082ff100000)]
  0x00000249f0b39000 JavaThread "Common-Cleaner" daemon [_thread_blocked, id=9416, stack(0x00000082ff100000,0x00000082ff200000)]
  0x00000249f13ea800 JavaThread "Service Thread" daemon [_thread_blocked, id=3568, stack(0x00000082ff300000,0x00000082ff400000)]
  0x00000249f13c3000 JavaThread "surefire-forkedjvm-command-thread" daemon [_thread_blocked, id=16140, stack(0x00000082ff600000,0x00000082ff700000)]
  0x00000249f77d5800 JavaThread "mysql-cj-abandoned-connection-cleanup" daemon [_thread_blocked, id=15032, stack(0x00000082ffa00000,0x00000082ffb00000)]
  0x00000249f5e9c800 JavaThread "HikariPool-1 housekeeper" daemon [_thread_blocked, id=9832, stack(0x00000082ffc00000,0x00000082ffd00000)]
  0x00000249f4110800 JavaThread "C2 CompilerThread1" daemon [_thread_blocked, id=13364, stack(0x00000082ff700000,0x00000082ff800000)]
  0x00000249f4111000 JavaThread "surefire-forkedjvm-last-ditch-daemon-shutdown-thread-30s" daemon [_thread_blocked, id=13152, stack(0x00000082ffd00000,0x00000082ffe00000)]
=>0x00000249f4112000 JavaThread "Thread-0" [_thread_in_Java, id=7692, stack(0x00000082ffe00000,0x00000082fff00000)]
  0x00000249f4112800 JavaThread "SpringApplicationShutdownHook" [_thread_in_vm, id=10580, stack(0x00000082fff00000,0x0000008300000000)]

Other Threads:
  0x00000249f084d800 VMThread "VM Thread" [stack: 0x00000082fe900000,0x00000082fea00000] [id=7404] _threads_hazard_ptr=0x00000249f7910ed0
  0x00000249f0da8000 WatcherThread [stack: 0x00000082ff400000,0x00000082ff500000] [id=14044]
  0x00000249d3b12000 GCTaskThread "GC Thread#0" [stack: 0x00000082fe400000,0x00000082fe500000] [id=15892]
  0x00000249f13eb800 GCTaskThread "GC Thread#1" [stack: 0x00000082ff200000,0x00000082ff300000] [id=17192]
  0x00000249d3b2f800 ConcurrentGCThread "G1 Main Marker" [stack: 0x00000082fe500000,0x00000082fe600000] [id=7964]
  0x00000249d3b30800 ConcurrentGCThread "G1 Conc#0" [stack: 0x00000082fe600000,0x00000082fe700000] [id=652]
  0x00000249d3b8b800 ConcurrentGCThread "G1 Refine#0" [stack: 0x00000082fe700000,0x00000082fe800000] [id=11848]
  0x00000249d3b8c800 ConcurrentGCThread "G1 Young RemSet Sampling" [stack: 0x00000082fe800000,0x00000082fe900000] [id=9312]

Threads with active compile tasks:
C2 CompilerThread011176       4       java.util.HashMap::remove (26 bytes)
C2 CompilerThread111173       4       java.util.HashMap::removeNode (291 bytes)

VM state:synchronizing (normal execution)

VM Mutex/Monitor currently owned by a thread:  ([mutex/lock_event])
[0x00000249d3af91f0] Safepoint_lock - owner thread: 0x00000249f084d800
[0x00000249d3afaa20] Threads_lock - owner thread: 0x00000249f084d800

Heap address: 0x00000000c0000000, size: 1024 MB, Compressed Oops mode: 32-bit
Narrow klass base: 0x0000000000000000, Narrow klass shift: 3
Compressed class space size: 1073741824 Address: 0x0000000100000000

Heap:
 garbage-first heap   total 114688K, used 34751K [0x00000000c0000000, 0x0000000100000000)
  region size 1024K, 8 young (8192K), 5 survivors (5120K)
 Metaspace       used 88429K, capacity 90610K, committed 90752K, reserved 1128448K
  class space    used 10155K, capacity 11037K, committed 11136K, reserved 1048576K
Heap Regions: E=young(eden), S=young(survivor), O=old, HS=humongous(starts), HC=humongous(continues), CS=collection set, F=free, A=archive, TAMS=top-at-mark-start (previous, next)
|   0|0x00000000c0000000, 0x00000000c0100000, 0x00000000c0100000|100%|HS|  |TAMS 0x00000000c0100000, 0x00000000c0000000| Complete 
|   1|0x00000000c0100000, 0x00000000c0200000, 0x00000000c0200000|100%| O|  |TAMS 0x00000000c0200000, 0x00000000c0100000| Untracked 
|   2|0x00000000c0200000, 0x00000000c0300000, 0x00000000c0300000|100%| O|  |TAMS 0x00000000c0300000, 0x00000000c0200000| Untracked 
|   3|0x00000000c0300000, 0x00000000c0400000, 0x00000000c0400000|100%| O|  |TAMS 0x00000000c0400000, 0x00000000c0300000| Untracked 
|   4|0x00000000c0400000, 0x00000000c0500000, 0x00000000c0500000|100%| O|  |TAMS 0x00000000c0500000, 0x00000000c0400000| Untracked 
|   5|0x00000000c0500000, 0x00000000c0600000, 0x00000000c0600000|100%| O|  |TAMS 0x00000000c0600000, 0x00000000c0500000| Untracked 
|   6|0x00000000c0600000, 0x00000000c0700000, 0x00000000c0700000|100%| O|  |TAMS 0x00000000c0700000, 0x00000000c0600000| Untracked 
|   7|0x00000000c0700000, 0x00000000c0800000, 0x00000000c0800000|100%| O|  |TAMS 0x00000000c0800000, 0x00000000c0700000| Untracked 
|   8|0x00000000c0800000, 0x00000000c0900000, 0x00000000c0900000|100%| O|  |TAMS 0x00000000c0900000, 0x00000000c0800000| Untracked 
|   9|0x00000000c0900000, 0x00000000c0a00000, 0x00000000c0a00000|100%| O|  |TAMS 0x00000000c0a00000, 0x00000000c0900000| Untracked 
|  10|0x00000000c0a00000, 0x00000000c0b00000, 0x00000000c0b00000|100%| O|  |TAMS 0x00000000c0b00000, 0x00000000c0a00000| Untracked 
|  11|0x00000000c0b00000, 0x00000000c0c00000, 0x00000000c0c00000|100%| O|  |TAMS 0x00000000c0c00000, 0x00000000c0b00000| Untracked 
|  12|0x00000000c0c00000, 0x00000000c0d00000, 0x00000000c0d00000|100%| O|  |TAMS 0x00000000c0d00000, 0x00000000c0c00000| Untracked 
|  13|0x00000000c0d00000, 0x00000000c0e00000, 0x00000000c0e00000|100%| O|  |TAMS 0x00000000c0e00000, 0x00000000c0d00000| Untracked 
|  14|0x00000000c0e00000, 0x00000000c0f00000, 0x00000000c0f00000|100%| O|  |TAMS 0x00000000c0f00000, 0x00000000c0e00000| Untracked 
|  15|0x00000000c0f00000, 0x00000000c1000000, 0x00000000c1000000|100%| O|  |TAMS 0x00000000c1000000, 0x00000000c0f00000| Untracked 
|  16|0x00000000c1000000, 0x00000000c1100000, 0x00000000c1100000|100%| O|  |TAMS 0x00000000c109ec00, 0x00000000c1000000| Untracked 
|  17|0x00000000c1100000, 0x00000000c1200000, 0x00000000c1200000|100%| O|  |TAMS 0x00000000c1100000, 0x00000000c1100000| Untracked 
|  18|0x00000000c1200000, 0x00000000c1300000, 0x00000000c1300000|100%| O|  |TAMS 0x00000000c1200000, 0x00000000c1200000| Untracked 
|  19|0x00000000c1300000, 0x00000000c1400000, 0x00000000c1400000|100%| O|  |TAMS 0x00000000c1300000, 0x00000000c1300000| Untracked 
|  20|0x00000000c1400000, 0x00000000c1500000, 0x00000000c1500000|100%| O|  |TAMS 0x00000000c1400000, 0x00000000c1400000| Untracked 
|  21|0x00000000c1500000, 0x00000000c1600000, 0x00000000c1600000|100%| O|  |TAMS 0x00000000c1500000, 0x00000000c1500000| Untracked 
|  22|0x00000000c1600000, 0x00000000c1700000, 0x00000000c1700000|100%| O|  |TAMS 0x00000000c1600000, 0x00000000c1600000| Untracked 
|  23|0x00000000c1700000, 0x00000000c1800000, 0x00000000c1800000|100%| O|  |TAMS 0x00000000c1700000, 0x00000000c1700000| Untracked 
|  24|0x00000000c1800000, 0x00000000c1900000, 0x00000000c1900000|100%| O|  |TAMS 0x00000000c1800000, 0x00000000c1800000| Untracked 
|  25|0x00000000c1900000, 0x00000000c1a00000, 0x00000000c1a00000|100%| O|  |TAMS 0x00000000c1900000, 0x00000000c1900000| Untracked 
|  26|0x00000000c1a00000, 0x00000000c1b00000, 0x00000000c1b00000|100%| O|  |TAMS 0x00000000c1a00000, 0x00000000c1a00000| Untracked 
|  27|0x00000000c1b00000, 0x00000000c1b91600, 0x00000000c1c00000| 56%| O|  |TAMS 0x00000000c1b00000, 0x00000000c1b00000| Untracked 
|  28|0x00000000c1c00000, 0x00000000c1c00000, 0x00000000c1d00000|  0%| F|  |TAMS 0x00000000c1c00000, 0x00000000c1c00000| Untracked 
|  29|0x00000000c1d00000, 0x00000000c1d00000, 0x00000000c1e00000|  0%| F|  |TAMS 0x00000000c1d00000, 0x00000000c1d00000| Untracked 
|  30|0x00000000c1e00000, 0x00000000c1e00000, 0x00000000c1f00000|  0%| F|  |TAMS 0x00000000c1e00000, 0x00000000c1e00000| Untracked 
|  31|0x00000000c1f00000, 0x00000000c1f00000, 0x00000000c2000000|  0%| F|  |TAMS 0x00000000c1f00000, 0x00000000c1f00000| Untracked 
|  32|0x00000000c2000000, 0x00000000c2000000, 0x00000000c2100000|  0%| F|  |TAMS 0x00000000c2000000, 0x00000000c2000000| Untracked 
|  33|0x00000000c2100000, 0x00000000c2100000, 0x00000000c2200000|  0%| F|  |TAMS 0x00000000c2100000, 0x00000000c2100000| Untracked 
|  34|0x00000000c2200000, 0x00000000c2200000, 0x00000000c2300000|  0%| F|  |TAMS 0x00000000c2200000, 0x00000000c2200000| Untracked 
|  35|0x00000000c2300000, 0x00000000c2300000, 0x00000000c2400000|  0%| F|  |TAMS 0x00000000c2300000, 0x00000000c2300000| Untracked 
|  36|0x00000000c2400000, 0x00000000c2400000, 0x00000000c2500000|  0%| F|  |TAMS 0x00000000c2400000, 0x00000000c2400000| Untracked 
|  37|0x00000000c2500000, 0x00000000c2500000, 0x00000000c2600000|  0%| F|  |TAMS 0x00000000c2500000, 0x00000000c2500000| Untracked 
|  38|0x00000000c2600000, 0x00000000c2600000, 0x00000000c2700000|  0%| F|  |TAMS 0x00000000c2600000, 0x00000000c2600000| Untracked 
|  39|0x00000000c2700000, 0x00000000c2700000, 0x00000000c2800000|  0%| F|  |TAMS 0x00000000c2700000, 0x00000000c2700000| Untracked 
|  40|0x00000000c2800000, 0x00000000c2800000, 0x00000000c2900000|  0%| F|  |TAMS 0x00000000c2800000, 0x00000000c2800000| Untracked 
|  41|0x00000000c2900000, 0x00000000c2900000, 0x00000000c2a00000|  0%| F|  |TAMS 0x00000000c2900000, 0x00000000c2900000| Untracked 
|  42|0x00000000c2a00000, 0x00000000c2a00000, 0x00000000c2b00000|  0%| F|  |TAMS 0x00000000c2a00000, 0x00000000c2a00000| Untracked 
|  43|0x00000000c2b00000, 0x00000000c2b00000, 0x00000000c2c00000|  0%| F|  |TAMS 0x00000000c2b00000, 0x00000000c2b00000| Untracked 
|  44|0x00000000c2c00000, 0x00000000c2c00000, 0x00000000c2d00000|  0%| F|  |TAMS 0x00000000c2c00000, 0x00000000c2c00000| Untracked 
|  45|0x00000000c2d00000, 0x00000000c2d00000, 0x00000000c2e00000|  0%| F|  |TAMS 0x00000000c2d00000, 0x00000000c2d00000| Untracked 
|  46|0x00000000c2e00000, 0x00000000c2e00000, 0x00000000c2f00000|  0%| F|  |TAMS 0x00000000c2e00000, 0x00000000c2e00000| Untracked 
|  47|0x00000000c2f00000, 0x00000000c2f00000, 0x00000000c3000000|  0%| F|  |TAMS 0x00000000c2f00000, 0x00000000c2f00000| Untracked 
|  48|0x00000000c3000000, 0x00000000c3000000, 0x00000000c3100000|  0%| F|  |TAMS 0x00000000c3000000, 0x00000000c3000000| Untracked 
|  49|0x00000000c3100000, 0x00000000c3100000, 0x00000000c3200000|  0%| F|  |TAMS 0x00000000c3100000, 0x00000000c3100000| Untracked 
|  50|0x00000000c3200000, 0x00000000c3200000, 0x00000000c3300000|  0%| F|  |TAMS 0x00000000c3200000, 0x00000000c3200000| Untracked 
|  51|0x00000000c3300000, 0x00000000c335e670, 0x00000000c3400000| 36%| S|CS|TAMS 0x00000000c3300000, 0x00000000c3300000| Complete 
|  52|0x00000000c3400000, 0x00000000c3500000, 0x00000000c3500000|100%| S|CS|TAMS 0x00000000c3400000, 0x00000000c3400000| Complete 
|  53|0x00000000c3500000, 0x00000000c3600000, 0x00000000c3600000|100%| S|CS|TAMS 0x00000000c3500000, 0x00000000c3500000| Complete 
|  54|0x00000000c3600000, 0x00000000c3700000, 0x00000000c3700000|100%| S|CS|TAMS 0x00000000c3600000, 0x00000000c3600000| Complete 
|  55|0x00000000c3700000, 0x00000000c3800000, 0x00000000c3800000|100%| S|CS|TAMS 0x00000000c3700000, 0x00000000c3700000| Complete 
|  56|0x00000000c3800000, 0x00000000c3800000, 0x00000000c3900000|  0%| F|  |TAMS 0x00000000c3800000, 0x00000000c3800000| Untracked 
|  57|0x00000000c3900000, 0x00000000c3900000, 0x00000000c3a00000|  0%| F|  |TAMS 0x00000000c3900000, 0x00000000c3900000| Untracked 
|  58|0x00000000c3a00000, 0x00000000c3a00000, 0x00000000c3b00000|  0%| F|  |TAMS 0x00000000c3a00000, 0x00000000c3a00000| Untracked 
|  59|0x00000000c3b00000, 0x00000000c3b00000, 0x00000000c3c00000|  0%| F|  |TAMS 0x00000000c3b00000, 0x00000000c3b00000| Untracked 
|  60|0x00000000c3c00000, 0x00000000c3c00000, 0x00000000c3d00000|  0%| F|  |TAMS 0x00000000c3c00000, 0x00000000c3c00000| Untracked 
|  61|0x00000000c3d00000, 0x00000000c3d00000, 0x00000000c3e00000|  0%| F|  |TAMS 0x00000000c3d00000, 0x00000000c3d00000| Untracked 
|  62|0x00000000c3e00000, 0x00000000c3e00000, 0x00000000c3f00000|  0%| F|  |TAMS 0x00000000c3e00000, 0x00000000c3e00000| Untracked 
|  63|0x00000000c3f00000, 0x00000000c3f00000, 0x00000000c4000000|  0%| F|  |TAMS 0x00000000c3f00000, 0x00000000c3f00000| Untracked 
|  64|0x00000000c4000000, 0x00000000c4000000, 0x00000000c4100000|  0%| F|  |TAMS 0x00000000c4000000, 0x00000000c4000000| Untracked 
|  65|0x00000000c4100000, 0x00000000c4100000, 0x00000000c4200000|  0%| F|  |TAMS 0x00000000c4100000, 0x00000000c4100000| Untracked 
|  66|0x00000000c4200000, 0x00000000c4200000, 0x00000000c4300000|  0%| F|  |TAMS 0x00000000c4200000, 0x00000000c4200000| Untracked 
|  67|0x00000000c4300000, 0x00000000c4300000, 0x00000000c4400000|  0%| F|  |TAMS 0x00000000c4300000, 0x00000000c4300000| Untracked 
|  68|0x00000000c4400000, 0x00000000c4400000, 0x00000000c4500000|  0%| F|  |TAMS 0x00000000c4400000, 0x00000000c4400000| Untracked 
|  69|0x00000000c4500000, 0x00000000c4500000, 0x00000000c4600000|  0%| F|  |TAMS 0x00000000c4500000, 0x00000000c4500000| Untracked 
|  70|0x00000000c4600000, 0x00000000c4600000, 0x00000000c4700000|  0%| F|  |TAMS 0x00000000c4600000, 0x00000000c4600000| Untracked 
|  71|0x00000000c4700000, 0x00000000c4700000, 0x00000000c4800000|  0%| F|  |TAMS 0x00000000c4700000, 0x00000000c4700000| Untracked 
|  72|0x00000000c4800000, 0x00000000c4800000, 0x00000000c4900000|  0%| F|  |TAMS 0x00000000c4800000, 0x00000000c4800000| Untracked 
|  73|0x00000000c4900000, 0x00000000c4900000, 0x00000000c4a00000|  0%| F|  |TAMS 0x00000000c4900000, 0x00000000c4900000| Untracked 
|  74|0x00000000c4a00000, 0x00000000c4a00000, 0x00000000c4b00000|  0%| F|  |TAMS 0x00000000c4a00000, 0x00000000c4a00000| Untracked 
|  75|0x00000000c4b00000, 0x00000000c4b00000, 0x00000000c4c00000|  0%| F|  |TAMS 0x00000000c4b00000, 0x00000000c4b00000| Untracked 
|  76|0x00000000c4c00000, 0x00000000c4c00000, 0x00000000c4d00000|  0%| F|  |TAMS 0x00000000c4c00000, 0x00000000c4c00000| Untracked 
|  77|0x00000000c4d00000, 0x00000000c4d00000, 0x00000000c4e00000|  0%| F|  |TAMS 0x00000000c4d00000, 0x00000000c4d00000| Untracked 
|  78|0x00000000c4e00000, 0x00000000c4e00000, 0x00000000c4f00000|  0%| F|  |TAMS 0x00000000c4e00000, 0x00000000c4e00000| Untracked 
|  79|0x00000000c4f00000, 0x00000000c4f00000, 0x00000000c5000000|  0%| F|  |TAMS 0x00000000c4f00000, 0x00000000c4f00000| Untracked 
|  80|0x00000000c5000000, 0x00000000c5000000, 0x00000000c5100000|  0%| F|  |TAMS 0x00000000c5000000, 0x00000000c5000000| Untracked 
|  81|0x00000000c5100000, 0x00000000c5100000, 0x00000000c5200000|  0%| F|  |TAMS 0x00000000c5100000, 0x00000000c5100000| Untracked 
|  82|0x00000000c5200000, 0x00000000c5200000, 0x00000000c5300000|  0%| F|  |TAMS 0x00000000c5200000, 0x00000000c5200000| Untracked 
|  83|0x00000000c5300000, 0x00000000c5300000, 0x00000000c5400000|  0%| F|  |TAMS 0x00000000c5300000, 0x00000000c5300000| Untracked 
|  84|0x00000000c5400000, 0x00000000c5400000, 0x00000000c5500000|  0%| F|  |TAMS 0x00000000c5400000, 0x00000000c5400000| Untracked 
|  85|0x00000000c5500000, 0x00000000c5500000, 0x00000000c5600000|  0%| F|  |TAMS 0x00000000c5500000, 0x00000000c5500000| Untracked 
|  86|0x00000000c5600000, 0x00000000c5600000, 0x00000000c5700000|  0%| F|  |TAMS 0x00000000c5600000, 0x00000000c5600000| Untracked 
|  87|0x00000000c5700000, 0x00000000c5700000, 0x00000000c5800000|  0%| F|  |TAMS 0x00000000c5700000, 0x00000000c5700000| Untracked 
|  88|0x00000000c5800000, 0x00000000c5800000, 0x00000000c5900000|  0%| F|  |TAMS 0x00000000c5800000, 0x00000000c5800000| Untracked 
|  89|0x00000000c5900000, 0x00000000c5900000, 0x00000000c5a00000|  0%| F|  |TAMS 0x00000000c5900000, 0x00000000c5900000| Untracked 
|  90|0x00000000c5a00000, 0x00000000c5a00000, 0x00000000c5b00000|  0%| F|  |TAMS 0x00000000c5a00000, 0x00000000c5a00000| Untracked 
|  91|0x00000000c5b00000, 0x00000000c5b00000, 0x00000000c5c00000|  0%| F|  |TAMS 0x00000000c5b00000, 0x00000000c5b00000| Untracked 
|  92|0x00000000c5c00000, 0x00000000c5c00000, 0x00000000c5d00000|  0%| F|  |TAMS 0x00000000c5c00000, 0x00000000c5c00000| Untracked 
|  93|0x00000000c5d00000, 0x00000000c5d00000, 0x00000000c5e00000|  0%| F|  |TAMS 0x00000000c5d00000, 0x00000000c5d00000| Untracked 
|  94|0x00000000c5e00000, 0x00000000c5e00000, 0x00000000c5f00000|  0%| F|  |TAMS 0x00000000c5e00000, 0x00000000c5e00000| Untracked 
|  95|0x00000000c5f00000, 0x00000000c5f00000, 0x00000000c6000000|  0%| F|  |TAMS 0x00000000c5f00000, 0x00000000c5f00000| Untracked 
|  96|0x00000000c6000000, 0x00000000c6000000, 0x00000000c6100000|  0%| F|  |TAMS 0x00000000c6000000, 0x00000000c6000000| Untracked 
|  97|0x00000000c6100000, 0x00000000c6100000, 0x00000000c6200000|  0%| F|  |TAMS 0x00000000c6100000, 0x00000000c6100000| Untracked 
|  98|0x00000000c6200000, 0x00000000c6200000, 0x00000000c6300000|  0%| F|  |TAMS 0x00000000c6200000, 0x00000000c6200000| Untracked 
|  99|0x00000000c6300000, 0x00000000c6300000, 0x00000000c6400000|  0%| F|  |TAMS 0x00000000c6300000, 0x00000000c6300000| Untracked 
| 100|0x00000000c6400000, 0x00000000c6400000, 0x00000000c6500000|  0%| F|  |TAMS 0x00000000c6400000, 0x00000000c6400000| Untracked 
| 101|0x00000000c6500000, 0x00000000c6500000, 0x00000000c6600000|  0%| F|  |TAMS 0x00000000c6500000, 0x00000000c6500000| Untracked 
| 102|0x00000000c6600000, 0x00000000c6600000, 0x00000000c6700000|  0%| F|  |TAMS 0x00000000c6600000, 0x00000000c6600000| Untracked 
| 103|0x00000000c6700000, 0x00000000c6700000, 0x00000000c6800000|  0%| F|  |TAMS 0x00000000c6700000, 0x00000000c6700000| Untracked 
| 104|0x00000000c6800000, 0x00000000c6800000, 0x00000000c6900000|  0%| F|  |TAMS 0x00000000c6800000, 0x00000000c6800000| Untracked 
| 105|0x00000000c6900000, 0x00000000c6900000, 0x00000000c6a00000|  0%| F|  |TAMS 0x00000000c6900000, 0x00000000c6900000| Untracked 
| 106|0x00000000c6a00000, 0x00000000c6a00000, 0x00000000c6b00000|  0%| F|  |TAMS 0x00000000c6a00000, 0x00000000c6a00000| Untracked 
| 107|0x00000000c6b00000, 0x00000000c6b00000, 0x00000000c6c00000|  0%| F|  |TAMS 0x00000000c6b00000, 0x00000000c6b00000| Untracked 
| 108|0x00000000c6c00000, 0x00000000c6c00000, 0x00000000c6d00000|  0%| F|  |TAMS 0x00000000c6c00000, 0x00000000c6c00000| Untracked 
| 109|0x00000000c6d00000, 0x00000000c6d8fe10, 0x00000000c6e00000| 56%| E|  |TAMS 0x00000000c6d00000, 0x00000000c6d00000| Complete 
| 110|0x00000000c6e00000, 0x00000000c6f00000, 0x00000000c6f00000|100%| E|CS|TAMS 0x00000000c6e00000, 0x00000000c6e00000| Complete 
| 111|0x00000000c6f00000, 0x00000000c7000000, 0x00000000c7000000|100%| E|CS|TAMS 0x00000000c6f00000, 0x00000000c6f00000| Complete 

Card table byte_map: [0x00000249eb680000,0x00000249eb880000] _byte_map_base: 0x00000249eb080000

Marking Bits (Prev, Next): (CMBitMap*) 0x00000249d3b2aa50, (CMBitMap*) 0x00000249d3b2aa18
 Prev Bits: [0x00000249eca80000, 0x00000249eda80000)
 Next Bits: [0x00000249eba80000, 0x00000249eca80000)

Polling page: 0x00000249d3be0000

Metaspace:

Usage:
  Non-class:     77.71 MB capacity,    76.44 MB ( 98%) used,  1010.81 KB (  1%) free+waste,   288.06 KB ( <1%) overhead. 
      Class:     10.78 MB capacity,     9.92 MB ( 92%) used,   751.55 KB (  7%) free+waste,   130.31 KB (  1%) overhead. 
       Both:     88.49 MB capacity,    86.36 MB ( 98%) used,     1.72 MB (  2%) free+waste,   418.38 KB ( <1%) overhead. 

Virtual space:
  Non-class space:       78.00 MB reserved,      77.75 MB (>99%) committed 
      Class space:        1.00 GB reserved,      10.88 MB (  1%) committed 
             Both:        1.08 GB reserved,      88.63 MB (  8%) committed 

Chunk freelists:
   Non-Class:  5.38 KB
       Class:  384 bytes
        Both:  5.75 KB

CodeHeap 'non-profiled nmethods': size=120064Kb used=7374Kb max_used=7374Kb free=112689Kb
 bounds [0x00000249e3910000, 0x00000249e4050000, 0x00000249eae50000]
CodeHeap 'profiled nmethods': size=120000Kb used=29512Kb max_used=29512Kb free=90488Kb
 bounds [0x00000249dc3e0000, 0x00000249de0c0000, 0x00000249e3910000]
CodeHeap 'non-nmethods': size=5696Kb used=1229Kb max_used=1287Kb free=4466Kb
 bounds [0x00000249dbe50000, 0x00000249dc0c0000, 0x00000249dc3e0000]
 total_blobs=15037 nmethods=10733 adapters=517
 compilation: enabled
              stopped_count=0, restarted_count=0
 full_count=0

Compilation events (10 events):
Event: 59.212 Thread 0x00000249f08c2800 11166       3       ch.qos.logback.classic.pattern.TargetLengthBasedClassNameAbbreviator::$jacocoInit (52 bytes)
Event: 59.213 Thread 0x00000249f08c2800 nmethod 11166 0x00000249de0b3e10 code [0x00000249de0b4040, 0x00000249de0b49e0]
Event: 59.215 Thread 0x00000249f08c2800 11167       3       java.util.IdentityHashMap$IdentityHashMapIterator::hasNext (50 bytes)
Event: 59.215 Thread 0x00000249f08c2800 nmethod 11167 0x00000249de0b4c10 code [0x00000249de0b4de0, 0x00000249de0b5078]
Event: 59.216 Thread 0x00000249f08b4000 11168       4       java.lang.invoke.TypeConvertingMethodAdapter::descriptorToName (36 bytes)
Event: 59.232 Thread 0x00000249f08b4000 nmethod 11168 0x00000249e4042e90 code [0x00000249e4043060, 0x00000249e4043618]
Event: 59.244 Thread 0x00000249f08c2800 11170       3       org.springframework.beans.factory.support.DefaultListableBeanFactory::isSingleton (43 bytes)
Event: 59.249 Thread 0x00000249f08c2800 nmethod 11170 0x00000249de0b5190 code [0x00000249de0b5380, 0x00000249de0b5790]
Event: 59.249 Thread 0x00000249f08c2800 11171       3       org.springframework.beans.factory.support.AbstractBeanFactory::isSingleton (338 bytes)
Event: 59.254 Thread 0x00000249f4110800 11173       4       java.util.HashMap::removeNode (291 bytes)

GC Heap History (10 events):
Event: 50.100 GC heap before
{Heap before GC invocations=43 (full 0):
 garbage-first heap   total 95232K, used 79825K [0x00000000c0000000, 0x0000000100000000)
  region size 1024K, 53 young (54272K), 4 survivors (4096K)
 Metaspace       used 80409K, capacity 82357K, committed 82688K, reserved 1122304K
  class space    used 9326K, capacity 10135K, committed 10240K, reserved 1048576K
}
Event: 50.115 GC heap after
{Heap after GC invocations=44 (full 0):
 garbage-first heap   total 95232K, used 30673K [0x00000000c0000000, 0x0000000100000000)
  region size 1024K, 5 young (5120K), 5 survivors (5120K)
 Metaspace       used 80409K, capacity 82357K, committed 82688K, reserved 1122304K
  class space    used 9326K, capacity 10135K, committed 10240K, reserved 1048576K
}
Event: 50.768 GC heap before
{Heap before GC invocations=44 (full 0):
 garbage-first heap   total 95232K, used 78801K [0x00000000c0000000, 0x0000000100000000)
  region size 1024K, 52 young (53248K), 5 survivors (5120K)
 Metaspace       used 81893K, capacity 83868K, committed 84096K, reserved 1122304K
  class space    used 9457K, capacity 10272K, committed 10368K, reserved 1048576K
}
Event: 50.784 GC heap after
{Heap after GC invocations=45 (full 0):
 garbage-first heap   total 95232K, used 30898K [0x00000000c0000000, 0x0000000100000000)
  region size 1024K, 4 young (4096K), 4 survivors (4096K)
 Metaspace       used 81893K, capacity 83868K, committed 84096K, reserved 1122304K
  class space    used 9457K, capacity 10272K, committed 10368K, reserved 1048576K
}
Event: 52.082 GC heap before
{Heap before GC invocations=45 (full 0):
 garbage-first heap   total 95232K, used 80050K [0x00000000c0000000, 0x0000000100000000)
  region size 1024K, 52 young (53248K), 4 survivors (4096K)
 Metaspace       used 83990K, capacity 86038K, committed 86144K, reserved 1124352K
  class space    used 9690K, capacity 10525K, committed 10624K, reserved 1048576K
}
Event: 52.115 GC heap after
{Heap after GC invocations=46 (full 0):
 garbage-first heap   total 95232K, used 31800K [0x00000000c0000000, 0x0000000100000000)
  region size 1024K, 5 young (5120K), 5 survivors (5120K)
 Metaspace       used 83990K, capacity 86038K, committed 86144K, reserved 1124352K
  class space    used 9690K, capacity 10525K, committed 10624K, reserved 1048576K
}
Event: 54.033 GC heap before
{Heap before GC invocations=46 (full 0):
 garbage-first heap   total 95232K, used 78904K [0x00000000c0000000, 0x0000000100000000)
  region size 1024K, 51 young (52224K), 5 survivors (5120K)
 Metaspace       used 86250K, capacity 88379K, committed 88448K, reserved 1126400K
  class space    used 10016K, capacity 10851K, committed 10880K, reserved 1048576K
}
Event: 54.052 GC heap after
{Heap after GC invocations=47 (full 0):
 garbage-first heap   total 114688K, used 32183K [0x00000000c0000000, 0x0000000100000000)
  region size 1024K, 4 young (4096K), 4 survivors (4096K)
 Metaspace       used 86250K, capacity 88379K, committed 88448K, reserved 1126400K
  class space    used 10016K, capacity 10851K, committed 10880K, reserved 1048576K
}
Event: 59.156 GC heap before
{Heap before GC invocations=47 (full 0):
 garbage-first heap   total 114688K, used 89527K [0x00000000c0000000, 0x0000000100000000)
  region size 1024K, 60 young (61440K), 4 survivors (4096K)
 Metaspace       used 88366K, capacity 90594K, committed 90752K, reserved 1128448K
  class space    used 10147K, capacity 11031K, committed 11136K, reserved 1048576K
}
Event: 59.172 GC heap after
{Heap after GC invocations=48 (full 0):
 garbage-first heap   total 114688K, used 32703K [0x00000000c0000000, 0x0000000100000000)
  region size 1024K, 5 young (5120K), 5 survivors (5120K)
 Metaspace       used 88366K, capacity 90594K, committed 90752K, reserved 1128448K
  class space    used 10147K, capacity 11031K, committed 11136K, reserved 1048576K
}

Deoptimization events (10 events):
Event: 58.405 Thread 0x00000249d3afb000 Uncommon trap: reason=profile_predicate action=maybe_recompile pc=0x00000249e40184c8 method=java.util.AbstractList.hashCode()I @ 13 c2
Event: 58.406 Thread 0x00000249d3afb000 Uncommon trap: reason=profile_predicate action=maybe_recompile pc=0x00000249e40184c8 method=java.util.AbstractList.hashCode()I @ 13 c2
Event: 58.547 Thread 0x00000249d3afb000 Uncommon trap: reason=speculate_class_check action=maybe_recompile pc=0x00000249e4015cec method=java.util.AbstractList.rangeCheckForAdd(I)V @ 6 c2
Event: 58.558 Thread 0x00000249d3afb000 Uncommon trap: reason=speculate_class_check action=maybe_recompile pc=0x00000249e4015cec method=java.util.AbstractList.rangeCheckForAdd(I)V @ 6 c2
Event: 58.569 Thread 0x00000249d3afb000 Uncommon trap: reason=speculate_class_check action=maybe_recompile pc=0x00000249e4015cec method=java.util.AbstractList.rangeCheckForAdd(I)V @ 6 c2
Event: 58.577 Thread 0x00000249d3afb000 Uncommon trap: reason=speculate_class_check action=maybe_recompile pc=0x00000249e4015cec method=java.util.AbstractList.rangeCheckForAdd(I)V @ 6 c2
Event: 59.241 Thread 0x00000249f4112000 Uncommon trap: reason=unstable_if action=reinterpret pc=0x00000249e3caa0c8 method=org.jacoco.agent.rt.internal_f3994fa.CoverageTransformer.filter(Ljava/lang/ClassLoader;Ljava/lang/String;Ljava/security/ProtectionDomain;)Z @ 56 c2
Event: 59.244 Thread 0x00000249f4112000 Uncommon trap: reason=unstable_if action=reinterpret pc=0x00000249e3c9b53c method=org.jacoco.agent.rt.internal_f3994fa.CoverageTransformer.filter(Ljava/lang/ClassLoader;Ljava/lang/String;Ljava/security/ProtectionDomain;)Z @ 56 c2
Event: 59.249 Thread 0x00000249f4112000 Uncommon trap: reason=bimorphic_or_optimized_type_check action=maybe_recompile pc=0x00000249e3a324f8 method=java.io.DataOutputStream.writeByte(I)V @ 5 c2
Event: 59.253 Thread 0x00000249f4112000 Uncommon trap: reason=bimorphic_or_optimized_type_check action=maybe_recompile pc=0x00000249e3a324f8 method=java.io.DataOutputStream.writeByte(I)V @ 5 c2

Classes redefined (0 events):
No events

Internal exceptions (10 events):
Event: 53.958 Thread 0x00000249d3afb000 Exception <a 'java/lang/ClassNotFoundException'{0x00000000c2fa8ee0}: com/example/login/model/ConfirmationTokenCustomizer> (0x00000000c2fa8ee0) thrown at [t:/workspace/open/src/hotspot/share/classfile/systemDictionary.cpp, line 231]
Event: 54.139 Thread 0x00000249d3afb000 Exception <a 'java/lang/NoSuchMethodError'{0x00000000c6d80418}: java.lang.invoke.DirectMethodHandle$Holder.invokeSpecial(Ljava/lang/Object;Ljava/lang/Object;ILjava/lang/Object;)V> (0x00000000c6d80418) thrown at [t:/workspace/open/src/hotspot/share/interpr
Event: 54.271 Thread 0x00000249d3afb000 Exception <a 'java/lang/IncompatibleClassChangeError'{0x00000000c6c374e0}: Found class java.lang.Object, but interface was expected> (0x00000000c6c374e0) thrown at [t:/workspace/open/src/hotspot/share/interpreter/linkResolver.cpp, line 838]
Event: 54.991 Thread 0x00000249d3afb000 Exception <a 'java/lang/ClassNotFoundException'{0x00000000c684fc48}: java/lang/ObjectCustomizer> (0x00000000c684fc48) thrown at [t:/workspace/open/src/hotspot/share/classfile/systemDictionary.cpp, line 231]
Event: 54.994 Thread 0x00000249d3afb000 Exception <a 'java/lang/ClassNotFoundException'{0x00000000c6871018}: com/example/login/repository/UserGroupRepositoryTestCustomizer> (0x00000000c6871018) thrown at [t:/workspace/open/src/hotspot/share/classfile/systemDictionary.cpp, line 231]
Event: 55.863 Thread 0x00000249d3afb000 Implicit null exception at 0x00000249e3fc661b to 0x00000249e3fc78c6
Event: 56.185 Thread 0x00000249d3afb000 Exception <a 'java/lang/ClassNotFoundException'{0x00000000c600df18}: java/lang/ObjectCustomizer> (0x00000000c600df18) thrown at [t:/workspace/open/src/hotspot/share/classfile/systemDictionary.cpp, line 231]
Event: 56.187 Thread 0x00000249d3afb000 Exception <a 'java/lang/ClassNotFoundException'{0x00000000c602d198}: com/example/login/repository/UserRepositoryTestCustomizer> (0x00000000c602d198) thrown at [t:/workspace/open/src/hotspot/share/classfile/systemDictionary.cpp, line 231]
Event: 57.827 Thread 0x00000249d3afb000 Implicit null exception at 0x00000249e3ff6065 to 0x00000249e3ff60ae
Event: 59.218 Thread 0x00000249d3afb000 Exception <a 'java/lang/NoSuchMethodError'{0x00000000c6e06440}: java.lang.invoke.DirectMethodHandle$Holder.invokeVirtual(Ljava/lang/Object;Ljava/lang/Object;)V> (0x00000000c6e06440) thrown at [t:/workspace/open/src/hotspot/share/interpreter/linkResolver.c

Events (10 events):
Event: 59.252 Executing VM operation: RevokeBias done
Event: 59.252 Executing VM operation: RevokeBias
Event: 59.252 Executing VM operation: RevokeBias done
Event: 59.253 Executing VM operation: RevokeBias
Event: 59.253 Thread 0x00000249f4112000 Uncommon trap: trap_request=0xffffffc6 fr.pc=0x00000249e3a324f8 relative=0x0000000000000518
Event: 59.253 Executing VM operation: RevokeBias done
Event: 59.253 Thread 0x00000249f4112000 DEOPT PACKING pc=0x00000249e3a324f8 sp=0x00000082ffeff390
Event: 59.253 Thread 0x00000249f4112000 DEOPT UNPACKING pc=0x00000249dbe78329 sp=0x00000082ffeff378 mode 2
Event: 59.253 Executing VM operation: BulkRevokeBias
Event: 59.254 Executing VM operation: BulkRevokeBias done


Dynamic libraries:
0x00007ff7f8d20000 - 0x00007ff7f8d67000 	C:\Program Files\Java\jdk-11.0.2\bin\java.exe
0x00007fff11cb0000 - 0x00007fff11ea5000 	C:\WINDOWS\SYSTEM32\ntdll.dll
0x00007fff118b0000 - 0x00007fff1196e000 	C:\WINDOWS\System32\KERNEL32.DLL
0x00007fff0f940000 - 0x00007fff0fc08000 	C:\WINDOWS\System32\KERNELBASE.dll
0x00007fff11110000 - 0x00007fff111be000 	C:\WINDOWS\System32\ADVAPI32.dll
0x00007fff10c30000 - 0x00007fff10cce000 	C:\WINDOWS\System32\msvcrt.dll
0x00007fff0fec0000 - 0x00007fff0ff5c000 	C:\WINDOWS\System32\sechost.dll
0x00007fff0fd90000 - 0x00007fff0feb5000 	C:\WINDOWS\System32\RPCRT4.dll
0x00007fff10a30000 - 0x00007fff10bd0000 	C:\WINDOWS\System32\USER32.dll
0x00007fff0f550000 - 0x00007fff0f572000 	C:\WINDOWS\System32\win32u.dll
0x00007fff110e0000 - 0x00007fff1110b000 	C:\WINDOWS\System32\GDI32.dll
0x00007fff0f830000 - 0x00007fff0f93b000 	C:\WINDOWS\System32\gdi32full.dll
0x00007fff0f460000 - 0x00007fff0f4fd000 	C:\WINDOWS\System32\msvcp_win.dll
0x00007fff0fc10000 - 0x00007fff0fd10000 	C:\WINDOWS\System32\ucrtbase.dll
0x00007fff032c0000 - 0x00007fff0355a000 	C:\WINDOWS\WinSxS\amd64_microsoft.windows.common-controls_6595b64144ccf1df_6.0.19041.1110_none_60b5254171f9507e\COMCTL32.dll
0x00007ffefe7e0000 - 0x00007ffefe7ea000 	C:\WINDOWS\SYSTEM32\VERSION.dll
0x00007fff11c40000 - 0x00007fff11c70000 	C:\WINDOWS\System32\IMM32.DLL
0x00007fff0ad80000 - 0x00007fff0ad96000 	C:\Program Files\Java\jdk-11.0.2\bin\vcruntime140.dll
0x00007ffef3130000 - 0x00007ffef31da000 	C:\Program Files\Java\jdk-11.0.2\bin\msvcp140.dll
0x00007ffec4500000 - 0x00007ffec5027000 	C:\Program Files\Java\jdk-11.0.2\bin\server\jvm.dll
0x00007fff118a0000 - 0x00007fff118a8000 	C:\WINDOWS\System32\PSAPI.DLL
0x00007fff0cc10000 - 0x00007fff0cc19000 	C:\WINDOWS\SYSTEM32\WSOCK32.dll
0x00007fff02e40000 - 0x00007fff02e67000 	C:\WINDOWS\SYSTEM32\WINMM.dll
0x00007fff109c0000 - 0x00007fff10a2b000 	C:\WINDOWS\System32\WS2_32.dll
0x00007fff0d2a0000 - 0x00007fff0d2b2000 	C:\WINDOWS\SYSTEM32\kernel.appcore.dll
0x00007fff03130000 - 0x00007fff03141000 	C:\Program Files\Java\jdk-11.0.2\bin\verify.dll
0x00007ffef9010000 - 0x00007ffef91f4000 	C:\WINDOWS\SYSTEM32\DBGHELP.DLL
0x00007ffef8fe0000 - 0x00007ffef900c000 	C:\WINDOWS\SYSTEM32\dbgcore.DLL
0x00007fff0f3d0000 - 0x00007fff0f452000 	C:\WINDOWS\System32\bcryptPrimitives.dll
0x00007ffef3100000 - 0x00007ffef3129000 	C:\Program Files\Java\jdk-11.0.2\bin\java.dll
0x00007fff00f30000 - 0x00007fff00f5f000 	C:\Program Files\Java\jdk-11.0.2\bin\instrument.dll
0x00007fff03090000 - 0x00007fff030a6000 	C:\Program Files\Java\jdk-11.0.2\bin\zip.dll
0x00007fff0c330000 - 0x00007fff0c33a000 	C:\Program Files\Java\jdk-11.0.2\bin\jimage.dll
0x00007fff10200000 - 0x00007fff10944000 	C:\WINDOWS\System32\SHELL32.dll
0x00007fff0d4a0000 - 0x00007fff0dc34000 	C:\WINDOWS\SYSTEM32\windows.storage.dll
0x00007fff10cd0000 - 0x00007fff11024000 	C:\WINDOWS\System32\combase.dll
0x00007fff0ece0000 - 0x00007fff0ed0c000 	C:\WINDOWS\SYSTEM32\Wldp.dll
0x00007fff11380000 - 0x00007fff1142d000 	C:\WINDOWS\System32\SHCORE.dll
0x00007fff0fd30000 - 0x00007fff0fd85000 	C:\WINDOWS\System32\shlwapi.dll
0x00007fff0f310000 - 0x00007fff0f32f000 	C:\WINDOWS\SYSTEM32\profapi.dll
0x00007fff01070000 - 0x00007fff01089000 	C:\Program Files\Java\jdk-11.0.2\bin\net.dll
0x00007fff01730000 - 0x00007fff0191c000 	C:\WINDOWS\SYSTEM32\urlmon.dll
0x00007fff04f70000 - 0x00007fff05079000 	C:\WINDOWS\SYSTEM32\WINHTTP.dll
0x00007fff0e880000 - 0x00007fff0e88c000 	C:\WINDOWS\SYSTEM32\netutils.dll
0x00007fff01700000 - 0x00007fff01728000 	C:\WINDOWS\SYSTEM32\srvcli.dll
0x00007fff01b60000 - 0x00007fff01e11000 	C:\WINDOWS\SYSTEM32\iertutil.dll
0x00007fff0ea60000 - 0x00007fff0eaca000 	C:\WINDOWS\system32\mswsock.dll
0x00007fff003e0000 - 0x00007fff003f3000 	C:\Program Files\Java\jdk-11.0.2\bin\nio.dll
0x00007ffef8330000 - 0x00007ffef8347000 	C:\WINDOWS\system32\napinsp.dll
0x00007ffef4a80000 - 0x00007ffef4a9b000 	C:\WINDOWS\system32\pnrpnsp.dll
0x00007fff0a1e0000 - 0x00007fff0a1f5000 	C:\WINDOWS\system32\wshbth.dll
0x00007fff0ab60000 - 0x00007fff0ab7d000 	C:\WINDOWS\system32\NLAapi.dll
0x00007fff0e770000 - 0x00007fff0e7ab000 	C:\WINDOWS\SYSTEM32\IPHLPAPI.DLL
0x00007fff0e7b0000 - 0x00007fff0e87a000 	C:\WINDOWS\SYSTEM32\DNSAPI.dll
0x00007fff10950000 - 0x00007fff10958000 	C:\WINDOWS\System32\NSI.dll
0x00007ffef0810000 - 0x00007ffef0822000 	C:\WINDOWS\System32\winrnr.dll
0x00007fff086c0000 - 0x00007fff086ca000 	C:\Windows\System32\rasadhlp.dll
0x00007fff01ae0000 - 0x00007fff01b5f000 	C:\WINDOWS\System32\fwpuclnt.dll
0x00007fff0f800000 - 0x00007fff0f827000 	C:\WINDOWS\System32\bcrypt.dll
0x00007fff07f30000 - 0x00007fff07f39000 	C:\Program Files\Java\jdk-11.0.2\bin\management.dll
0x00007fff02e70000 - 0x00007fff02e7c000 	C:\Program Files\Java\jdk-11.0.2\bin\management_ext.dll
0x00007fff0ec90000 - 0x00007fff0eca8000 	C:\WINDOWS\SYSTEM32\CRYPTSP.dll
0x00007fff0e400000 - 0x00007fff0e434000 	C:\WINDOWS\system32\rsaenh.dll
0x00007fff0f290000 - 0x00007fff0f2be000 	C:\WINDOWS\SYSTEM32\USERENV.dll
0x00007fff0ebf0000 - 0x00007fff0ebfc000 	C:\WINDOWS\SYSTEM32\CRYPTBASE.dll
0x00007fff072e0000 - 0x00007fff072f7000 	C:\WINDOWS\SYSTEM32\dhcpcsvc6.DLL
0x00007fff073c0000 - 0x00007fff073dd000 	C:\WINDOWS\SYSTEM32\dhcpcsvc.DLL

dbghelp: loaded successfully - version: 4.0.5 - missing functions: none
symbol engine: initialized successfully - sym options: 0x614 - pdb path: .;C:\Program Files\Java\jdk-11.0.2\bin;C:\WINDOWS\SYSTEM32;C:\WINDOWS\WinSxS\amd64_microsoft.windows.common-controls_6595b64144ccf1df_6.0.19041.1110_none_60b5254171f9507e;C:\Program Files\Java\jdk-11.0.2\bin\server

VM Arguments:
jvm_args: -javaagent:C:\\Users\\vithy\\.m2\\repository\\org\\jacoco\\org.jacoco.agent\\0.8.6\\org.jacoco.agent-0.8.6-runtime.jar=destfile=e:\\Springboot\\InnectoToken\\login\\target\\jacoco.exec -Xms64m -Xmx1024m 
java_command: C:\Users\vithy\AppData\Local\Temp\surefire16911979540801742624\surefirebooter10082242669165112853.jar C:\Users\vithy\AppData\Local\Temp\surefire16911979540801742624 2022-03-04T23-40-36_715-jvmRun1 surefire11653332127503870699tmp surefire_013526543711814505599tmp
java_class_path (initial): C:\Users\vithy\AppData\Local\Temp\surefire16911979540801742624\surefirebooter10082242669165112853.jar
Launcher Type: SUN_STANDARD

[Global flags]
     intx CICompilerCount                          = 3                                         {product} {ergonomic}
     uint ConcGCThreads                            = 1                                         {product} {ergonomic}
     uint G1ConcRefinementThreads                  = 4                                         {product} {ergonomic}
   size_t G1HeapRegionSize                         = 1048576                                   {product} {ergonomic}
    uintx GCDrainStackTargetSize                   = 64                                        {product} {ergonomic}
   size_t InitialHeapSize                          = 67108864                                  {product} {command line}
   size_t MarkStackSize                            = 4194304                                   {product} {ergonomic}
   size_t MaxHeapSize                              = 1073741824                                {product} {command line}
   size_t MaxNewSize                               = 643825664                                 {product} {ergonomic}
   size_t MinHeapDeltaBytes                        = 1048576                                   {product} {ergonomic}
    uintx NonNMethodCodeHeapSize                   = 5830092                                {pd product} {ergonomic}
    uintx NonProfiledCodeHeapSize                  = 122914074                              {pd product} {ergonomic}
    uintx ProfiledCodeHeapSize                     = 122914074                              {pd product} {ergonomic}
    uintx ReservedCodeCacheSize                    = 251658240                              {pd product} {ergonomic}
     bool SegmentedCodeCache                       = true                                      {product} {ergonomic}
     bool UseCompressedClassPointers               = true                                 {lp64_product} {ergonomic}
     bool UseCompressedOops                        = true                                 {lp64_product} {ergonomic}
     bool UseG1GC                                  = true                                      {product} {ergonomic}
     bool UseLargePagesIndividualAllocation        = false                                  {pd product} {ergonomic}

Logging:
Log output configuration:
 #0: stdout all=warning uptime,level,tags
 #1: stderr all=off uptime,level,tags

Environment Variables:
JAVA_HOME=C:\Program Files\Java\jdk-11.0.2
_JAVA_OPTIONS=-Xms64m -Xmx1024m
PATH=C:\Program Files\Common Files\Oracle\Java\javapath;C:\Program Files (x86)\Common Files\Intel\Shared Libraries\redist\intel64_win\compiler;C:\WINDOWS\system32;C:\WINDOWS;C:\WINDOWS\System32\Wbem;C:\WINDOWS\System32\WindowsPowerShell\v1.0\;C:\WINDOWS\System32\OpenSSH\;C:\Program Files\Microsoft VS Code\bin;C:\xampp\php;C:\Program Files (x86)\Git\cmd;C:\Program Files\Docker\Docker\resources\bin;C:\ProgramData\DockerDesktop\version-bin;C:\Program Files\Java\jdk-11.0.2\bin;C:\Program Files\Python;C:\Program Files\apache-maven-3.8.3\bin;C:\ProgramData\Oracle\Java\javapath;C:\Program Files (x86)\Common Files\Oracle\Java\javapath;C:\Program Files\spring-2.6.0-SNAPSHOT\bin;C:\zookeeper\bin;C:\Program Files\gradle-7.3.1\bin;C:\WINDOWS\system32;C:\WINDOWS;C:\WINDOWS\System32\Wbem;C:\WINDOWS\System32\WindowsPowerShell\v1.0\;C:\WINDOWS\System32\OpenSSH\;C:\Users\vithy\AppData\Local\Microsoft\WindowsApps;C:\Users\vithy\AppData\Local\Microsoft\WindowsApps;C:\Program Files (x86)\graphviz\release\bin;C:\Program Files (x86)\graphviz\release\bin\dot.exe;C:\Program Files (x86)\Git\cmd;C:\Program Files (x86)\node;C:\Program Files (x86)\node\node_modules\npm\bin;C:\Program Files\JetBrains\IntelliJ IDEA Community Edition 2021.3.2\bin;
USERNAME=vithy
OS=Windows_NT
PROCESSOR_IDENTIFIER=Intel64 Family 6 Model 92 Stepping 9, GenuineIntel



---------------  S Y S T E M  ---------------

OS: Windows 10 , 64 bit Build 19041 (10.0.19041.1566)

CPU:total 4 (initial active 4) (4 cores per cpu, 1 threads per core) family 6 model 92 stepping 9, cmov, cx8, fxsr, mmx, sse, sse2, sse3, ssse3, sse4.1, sse4.2, popcnt, aes, clmul, erms, 3dnowpref, tsc, tscinvbit, sha

Memory: 4k page, system-wide physical 3920M (664M free)
TotalPageFile size 11920M (AvailPageFile size 4482M)
current process WorkingSet (physical memory assigned to process): 340M, peak: 340M
current process commit charge ("private bytes"): 372M, peak: 372M

vm_info: Java HotSpot(TM) 64-Bit Server VM (11.0.2+9-LTS) for windows-amd64 JRE (11.0.2+9-LTS), built on Jan 18 2019 05:24:10 by "mach5one" with MS VC++ 15.5 (VS2017)

END.
