#
# A fatal error has been detected by the Java Runtime Environment:
#
#  EXCEPTION_ACCESS_VIOLATION (0xc0000005) at pc=0x00007ffec4872351, pid=3336, tid=3324
#
# JRE version: Java(TM) SE Runtime Environment (11.0.2+9) (build 11.0.2+9-LTS)
# Java VM: Java HotSpot(TM) 64-Bit Server VM (11.0.2+9-LTS, mixed mode, tiered, compressed oops, g1 gc, windows-amd64)
# Problematic frame:
# V  [jvm.dll+0x372351]
#
# No core dump will be written. Minidumps are not enabled by default on client versions of Windows
#
# If you would like to submit a bug report, please visit:
#   http://bugreport.java.com/bugreport/crash.jsp
#

---------------  S U M M A R Y ------------

Command Line: -javaagent:C:\\Users\\vithy\\.m2\\repository\\org\\jacoco\\org.jacoco.agent\\0.8.6\\org.jacoco.agent-0.8.6-runtime.jar=destfile=e:\\Springboot\\InnectoToken\\login\\target\\jacoco.exec -Xms64m -Xmx1024m C:\Users\vithy\AppData\Local\Temp\surefire16800123073664803805\surefirebooter2729643956887642474.jar C:\Users\vithy\AppData\Local\Temp\surefire16800123073664803805 2022-03-04T23-35-46_854-jvmRun1 surefire3215747132052382163tmp surefire_015902798679340417404tmp

Host: Intel(R) Pentium(R) CPU N4200 @ 1.10GHz, 4 cores, 3G,  Windows 10 , 64 bit Build 19041 (10.0.19041.1566)
Time: Fri Mar  4 23:36:48 2022 India Standard Time elapsed time: 59 seconds (0d 0h 0m 59s)

---------------  T H R E A D  ---------------

Current thread (0x0000020ae1fa3000):  JavaThread "C2 CompilerThread0" daemon [_thread_in_native, id=3324, stack(0x000000aa64500000,0x000000aa64600000)]


Current CompileTask:
C2:  59646 7555       4       org.jacoco.agent.rt.internal_f3994fa.asm.ClassWriter::toByteArray (1535 bytes)

Stack: [0x000000aa64500000,0x000000aa64600000],  sp=0x000000aa645fbce0,  free space=1007k
Native frames: (J=compiled Java code, j=interpreted, Vv=VM code, C=native code)
V  [jvm.dll+0x372351]
V  [jvm.dll+0x1ac88d]
V  [jvm.dll+0x1a9138]
V  [jvm.dll+0x218352]
V  [jvm.dll+0x2173ea]
V  [jvm.dll+0x194200]
V  [jvm.dll+0x2263af]
V  [jvm.dll+0x2249b8]
V  [jvm.dll+0x738a9d]
V  [jvm.dll+0x6347f2]
C  [ucrtbase.dll+0x21bb2]
C  [KERNEL32.DLL+0x17034]
C  [ntdll.dll+0x52651]


siginfo: EXCEPTION_ACCESS_VIOLATION (0xc0000005), reading address 0x00007bfec4f56738


Register to memory mapping:

RIP=0x00007ffec4872351 jvm.dll
RAX=0x0000020ae30f5040 points into unknown readable memory: 00 00 00 00 00 00 00 00
RBX=0x000000aa645fbd70 is pointing into the stack for thread: 0x0000020ae1fa3000
RCX=0x0 is NULL
RDX=0x0000020ae47b4de0 points into unknown readable memory: 03 00 00 00 00 00 00 00
RSP=0x000000aa645fbce0 is pointing into the stack for thread: 0x0000020ae1fa3000
RBP=0x000000aa645fe840 is pointing into the stack for thread: 0x0000020ae1fa3000
RSI=0x0000000000000008 is an unknown value
RDI=0x0000000000000001 is an unknown value
R8 =0x0000000000000008 is an unknown value
R9 =0x0000000000000008 is an unknown value
R10=0x0000000000000030 is an unknown value
R11=0x000000aa645fbd70 is pointing into the stack for thread: 0x0000020ae1fa3000
R12=0x0000020ae22ca280 points into unknown readable memory: 40 bc 63 e1 0a 02 00 00
R13=0x00007ffec4f56738 jvm.dll
R14=0x00007bfec4f56738 is an unknown value
R15=0x0000020ae47b4de0 points into unknown readable memory: 03 00 00 00 00 00 00 00


Registers:
RAX=0x0000020ae30f5040, RBX=0x000000aa645fbd70, RCX=0x0000000000000000, RDX=0x0000020ae47b4de0
RSP=0x000000aa645fbce0, RBP=0x000000aa645fe840, RSI=0x0000000000000008, RDI=0x0000000000000001
R8 =0x0000000000000008, R9 =0x0000000000000008, R10=0x0000000000000030, R11=0x000000aa645fbd70
R12=0x0000020ae22ca280, R13=0x00007ffec4f56738, R14=0x00007bfec4f56738, R15=0x0000020ae47b4de0
RIP=0x00007ffec4872351, EFLAGS=0x0000000000010246

Top of Stack: (sp=0x000000aa645fbce0)
0x000000aa645fbce0:   0000020ae3d6ff20 0000020ae75f52e0
0x000000aa645fbcf0:   00000000000005e1 00007ffec4872604
0x000000aa645fbd00:   000000aa645fc320 0000000000000007
0x000000aa645fbd10:   00007ffec4f56738 000000aa645fbe30
0x000000aa645fbd20:   0000000000000008 00007ffec46ac88d
0x000000aa645fbd30:   0000000000000001 0000020ae52ad540
0x000000aa645fbd40:   00000000000002a7 0000020ae93cb530
0x000000aa645fbd50:   0000020ac50a5250 00007ffec45c2484
0x000000aa645fbd60:   0000020ae75f52e0 0000020ae52ad540
0x000000aa645fbd70:   0000020a00000003 000000aa645fbd80
0x000000aa645fbd80:   0000020ae30f50c0 00007ffec4f56738
0x000000aa645fbd90:   00007ffec4f56738 00007ffec4f56738
0x000000aa645fbda0:   00007ffec4f56738 00007ffec4f56738
0x000000aa645fbdb0:   00007ffec4f56738 00007ffec4f56738
0x000000aa645fbdc0:   0000000000000001 0000020ae601b9c0
0x000000aa645fbdd0:   0000000000000008 00007ffec4a37bc2 

Instructions: (pc=0x00007ffec4872351)
0x00007ffec4872331:   b9 08 00 00 00 48 8b 08 48 89 8d 88 08 00 00 33
0x00007ffec4872341:   c9 48 89 08 48 89 48 08 48 89 48 10 48 89 48 18
0x00007ffec4872351:   41 0f 10 06 0f 11 00 41 0f 10 4e 10 0f 11 48 10
0x00007ffec4872361:   48 8b 4b 08 48 89 04 0e ff c7 3b bb 90 00 00 00 


Stack slot to memory mapping:
stack at sp + 0 slots: 0x0000020ae3d6ff20 points into unknown readable memory: 80 57 d4 c4 fe 7f 00 00
stack at sp + 1 slots: 0x0000020ae75f52e0 points into unknown readable memory: 00 00 00 00 00 00 00 00
stack at sp + 2 slots: 0x00000000000005e1 is an unknown value
stack at sp + 3 slots: 0x00007ffec4872604 jvm.dll
stack at sp + 4 slots: 0x000000aa645fc320 is pointing into the stack for thread: 0x0000020ae1fa3000
stack at sp + 5 slots: 0x0000000000000007 is an unknown value
stack at sp + 6 slots: 0x00007ffec4f56738 jvm.dll
stack at sp + 7 slots: 0x000000aa645fbe30 is pointing into the stack for thread: 0x0000020ae1fa3000


---------------  P R O C E S S  ---------------

Threads class SMR info:
_java_thread_list=0x0000020ae5d381f0, length=13, elements={
0x0000020ac50b7800, 0x0000020ae1621000, 0x0000020ae162c800, 0x0000020ae163e000,
0x0000020ae1640000, 0x0000020ae1fa3000, 0x0000020ae1fa9800, 0x0000020ae1fab800,
0x0000020ae208a000, 0x0000020ae2994800, 0x0000020ae29f6000, 0x0000020ae29b4000,
0x0000020ae32e8800
}

Java Threads: ( => current thread )
  0x0000020ac50b7800 JavaThread "main" [_thread_in_vm, id=15508, stack(0x000000aa63a00000,0x000000aa63b00000)]
  0x0000020ae1621000 JavaThread "Reference Handler" daemon [_thread_blocked, id=15844, stack(0x000000aa64100000,0x000000aa64200000)]
  0x0000020ae162c800 JavaThread "Finalizer" daemon [_thread_blocked, id=10084, stack(0x000000aa64200000,0x000000aa64300000)]
  0x0000020ae163e000 JavaThread "Signal Dispatcher" daemon [_thread_blocked, id=1284, stack(0x000000aa64300000,0x000000aa64400000)]
  0x0000020ae1640000 JavaThread "Attach Listener" daemon [_thread_blocked, id=11232, stack(0x000000aa64400000,0x000000aa64500000)]
=>0x0000020ae1fa3000 JavaThread "C2 CompilerThread0" daemon [_thread_in_native, id=3324, stack(0x000000aa64500000,0x000000aa64600000)]
  0x0000020ae1fa9800 JavaThread "C1 CompilerThread0" daemon [_thread_blocked, id=9660, stack(0x000000aa64600000,0x000000aa64700000)]
  0x0000020ae1fab800 JavaThread "Sweeper thread" daemon [_thread_blocked, id=12852, stack(0x000000aa64700000,0x000000aa64800000)]
  0x0000020ae208a000 JavaThread "Common-Cleaner" daemon [_thread_blocked, id=10828, stack(0x000000aa64800000,0x000000aa64900000)]
  0x0000020ae2994800 JavaThread "Service Thread" daemon [_thread_blocked, id=7876, stack(0x000000aa64a00000,0x000000aa64b00000)]
  0x0000020ae29f6000 JavaThread "surefire-forkedjvm-command-thread" daemon [_thread_in_native, id=1632, stack(0x000000aa64d00000,0x000000aa64e00000)]
  0x0000020ae29b4000 JavaThread "surefire-forkedjvm-ping-30s" daemon [_thread_blocked, id=10396, stack(0x000000aa64e00000,0x000000aa64f00000)]
  0x0000020ae32e8800 JavaThread "mysql-cj-abandoned-connection-cleanup" daemon [_thread_blocked, id=10968, stack(0x000000aa64c00000,0x000000aa64d00000)]

Other Threads:
  0x0000020ae161d800 VMThread "VM Thread" [stack: 0x000000aa64000000,0x000000aa64100000] [id=8580]
  0x0000020ae2f6c000 WatcherThread [stack: 0x000000aa64b00000,0x000000aa64c00000] [id=7972]
  0x0000020ac50ce800 GCTaskThread "GC Thread#0" [stack: 0x000000aa63b00000,0x000000aa63c00000] [id=5084]
  0x0000020ae2999800 GCTaskThread "GC Thread#1" [stack: 0x000000aa64900000,0x000000aa64a00000] [id=11944]
  0x0000020ac50eb800 ConcurrentGCThread "G1 Main Marker" [stack: 0x000000aa63c00000,0x000000aa63d00000] [id=9884]
  0x0000020ac50ed000 ConcurrentGCThread "G1 Conc#0" [stack: 0x000000aa63d00000,0x000000aa63e00000] [id=6332]
  0x0000020ac5179000 ConcurrentGCThread "G1 Refine#0" [stack: 0x000000aa63e00000,0x000000aa63f00000] [id=1472]
  0x0000020ac517a000 ConcurrentGCThread "G1 Young RemSet Sampling" [stack: 0x000000aa63f00000,0x000000aa64000000] [id=16620]

Threads with active compile tasks:
C2 CompilerThread07555       4       org.jacoco.agent.rt.internal_f3994fa.asm.ClassWriter::toByteArray (1535 bytes)

VM state:not at safepoint (normal execution)

VM Mutex/Monitor currently owned by a thread: None

Heap address: 0x00000000c0000000, size: 1024 MB, Compressed Oops mode: 32-bit
Narrow klass base: 0x0000000000000000, Narrow klass shift: 3
Compressed class space size: 1073741824 Address: 0x0000000100000000

Heap:
 garbage-first heap   total 65536K, used 24473K [0x00000000c0000000, 0x0000000100000000)
  region size 1024K, 4 young (4096K), 2 survivors (2048K)
 Metaspace       used 61477K, capacity 63058K, committed 63232K, reserved 1105920K
  class space    used 6990K, capacity 7616K, committed 7680K, reserved 1048576K
Heap Regions: E=young(eden), S=young(survivor), O=old, HS=humongous(starts), HC=humongous(continues), CS=collection set, F=free, A=archive, TAMS=top-at-mark-start (previous, next)
|   0|0x00000000c0000000, 0x00000000c0100000, 0x00000000c0100000|100%|HS|  |TAMS 0x00000000c0100000, 0x00000000c0000000| Complete 
|   1|0x00000000c0100000, 0x00000000c0200000, 0x00000000c0200000|100%| O|  |TAMS 0x00000000c0200000, 0x00000000c0100000| Untracked 
|   2|0x00000000c0200000, 0x00000000c0300000, 0x00000000c0300000|100%| O|  |TAMS 0x00000000c0300000, 0x00000000c0200000| Untracked 
|   3|0x00000000c0300000, 0x00000000c0400000, 0x00000000c0400000|100%| O|  |TAMS 0x00000000c0400000, 0x00000000c0300000| Untracked 
|   4|0x00000000c0400000, 0x00000000c0500000, 0x00000000c0500000|100%| O|  |TAMS 0x00000000c0500000, 0x00000000c0400000| Untracked 
|   5|0x00000000c0500000, 0x00000000c0600000, 0x00000000c0600000|100%| O|  |TAMS 0x00000000c0600000, 0x00000000c0500000| Untracked 
|   6|0x00000000c0600000, 0x00000000c0700000, 0x00000000c0700000|100%| O|  |TAMS 0x00000000c0700000, 0x00000000c0600000| Untracked 
|   7|0x00000000c0700000, 0x00000000c0800000, 0x00000000c0800000|100%| O|  |TAMS 0x00000000c0800000, 0x00000000c0700000| Untracked 
|   8|0x00000000c0800000, 0x00000000c0900000, 0x00000000c0900000|100%| O|  |TAMS 0x00000000c0900000, 0x00000000c0800000| Untracked 
|   9|0x00000000c0900000, 0x00000000c0a00000, 0x00000000c0a00000|100%| O|  |TAMS 0x00000000c0a00000, 0x00000000c0900000| Untracked 
|  10|0x00000000c0a00000, 0x00000000c0b00000, 0x00000000c0b00000|100%| O|  |TAMS 0x00000000c0b00000, 0x00000000c0a00000| Untracked 
|  11|0x00000000c0b00000, 0x00000000c0c00000, 0x00000000c0c00000|100%| O|  |TAMS 0x00000000c0c00000, 0x00000000c0b00000| Untracked 
|  12|0x00000000c0c00000, 0x00000000c0d00000, 0x00000000c0d00000|100%| O|  |TAMS 0x00000000c0d00000, 0x00000000c0c00000| Untracked 
|  13|0x00000000c0d00000, 0x00000000c0e00000, 0x00000000c0e00000|100%| O|  |TAMS 0x00000000c0e00000, 0x00000000c0d00000| Untracked 
|  14|0x00000000c0e00000, 0x00000000c0f00000, 0x00000000c0f00000|100%| O|  |TAMS 0x00000000c0f00000, 0x00000000c0e00000| Untracked 
|  15|0x00000000c0f00000, 0x00000000c1000000, 0x00000000c1000000|100%| O|  |TAMS 0x00000000c1000000, 0x00000000c0f00000| Untracked 
|  16|0x00000000c1000000, 0x00000000c1100000, 0x00000000c1100000|100%| O|  |TAMS 0x00000000c1100000, 0x00000000c1000000| Untracked 
|  17|0x00000000c1100000, 0x00000000c1200000, 0x00000000c1200000|100%| O|  |TAMS 0x00000000c1200000, 0x00000000c1100000| Untracked 
|  18|0x00000000c1200000, 0x00000000c1300000, 0x00000000c1300000|100%| O|  |TAMS 0x00000000c1300000, 0x00000000c1200000| Untracked 
|  19|0x00000000c1300000, 0x00000000c1400000, 0x00000000c1400000|100%| O|  |TAMS 0x00000000c136e400, 0x00000000c1300000| Untracked 
|  20|0x00000000c1400000, 0x00000000c1500000, 0x00000000c1500000|100%| O|  |TAMS 0x00000000c1400000, 0x00000000c1400000| Untracked 
|  21|0x00000000c1500000, 0x00000000c1576600, 0x00000000c1600000| 46%| O|  |TAMS 0x00000000c1500000, 0x00000000c1500000| Untracked 
|  22|0x00000000c1600000, 0x00000000c1600000, 0x00000000c1700000|  0%| F|  |TAMS 0x00000000c1600000, 0x00000000c1600000| Untracked 
|  23|0x00000000c1700000, 0x00000000c1700000, 0x00000000c1800000|  0%| F|  |TAMS 0x00000000c1700000, 0x00000000c1700000| Untracked 
|  24|0x00000000c1800000, 0x00000000c1800000, 0x00000000c1900000|  0%| F|  |TAMS 0x00000000c1800000, 0x00000000c1800000| Untracked 
|  25|0x00000000c1900000, 0x00000000c1900000, 0x00000000c1a00000|  0%| F|  |TAMS 0x00000000c1900000, 0x00000000c1900000| Untracked 
|  26|0x00000000c1a00000, 0x00000000c1a00000, 0x00000000c1b00000|  0%| F|  |TAMS 0x00000000c1a00000, 0x00000000c1a00000| Untracked 
|  27|0x00000000c1b00000, 0x00000000c1b00000, 0x00000000c1c00000|  0%| F|  |TAMS 0x00000000c1b00000, 0x00000000c1b00000| Untracked 
|  28|0x00000000c1c00000, 0x00000000c1c00000, 0x00000000c1d00000|  0%| F|  |TAMS 0x00000000c1c00000, 0x00000000c1c00000| Untracked 
|  29|0x00000000c1d00000, 0x00000000c1d00000, 0x00000000c1e00000|  0%| F|  |TAMS 0x00000000c1d00000, 0x00000000c1d00000| Untracked 
|  30|0x00000000c1e00000, 0x00000000c1e00000, 0x00000000c1f00000|  0%| F|  |TAMS 0x00000000c1e00000, 0x00000000c1e00000| Untracked 
|  31|0x00000000c1f00000, 0x00000000c1f00000, 0x00000000c2000000|  0%| F|  |TAMS 0x00000000c1f00000, 0x00000000c1f00000| Untracked 
|  32|0x00000000c2000000, 0x00000000c2000000, 0x00000000c2100000|  0%| F|  |TAMS 0x00000000c2000000, 0x00000000c2000000| Untracked 
|  33|0x00000000c2100000, 0x00000000c2100000, 0x00000000c2200000|  0%| F|  |TAMS 0x00000000c2100000, 0x00000000c2100000| Untracked 
|  34|0x00000000c2200000, 0x00000000c2200000, 0x00000000c2300000|  0%| F|  |TAMS 0x00000000c2200000, 0x00000000c2200000| Untracked 
|  35|0x00000000c2300000, 0x00000000c2300000, 0x00000000c2400000|  0%| F|  |TAMS 0x00000000c2300000, 0x00000000c2300000| Untracked 
|  36|0x00000000c2400000, 0x00000000c2400000, 0x00000000c2500000|  0%| F|  |TAMS 0x00000000c2400000, 0x00000000c2400000| Untracked 
|  37|0x00000000c2500000, 0x00000000c2500000, 0x00000000c2600000|  0%| F|  |TAMS 0x00000000c2500000, 0x00000000c2500000| Untracked 
|  38|0x00000000c2600000, 0x00000000c266ffd0, 0x00000000c2700000| 43%| S|CS|TAMS 0x00000000c2600000, 0x00000000c2600000| Complete 
|  39|0x00000000c2700000, 0x00000000c2800000, 0x00000000c2800000|100%| S|CS|TAMS 0x00000000c2700000, 0x00000000c2700000| Complete 
|  40|0x00000000c2800000, 0x00000000c2800000, 0x00000000c2900000|  0%| F|  |TAMS 0x00000000c2800000, 0x00000000c2800000| Untracked 
|  41|0x00000000c2900000, 0x00000000c2900000, 0x00000000c2a00000|  0%| F|  |TAMS 0x00000000c2900000, 0x00000000c2900000| Untracked 
|  42|0x00000000c2a00000, 0x00000000c2a00000, 0x00000000c2b00000|  0%| F|  |TAMS 0x00000000c2a00000, 0x00000000c2a00000| Untracked 
|  43|0x00000000c2b00000, 0x00000000c2b00000, 0x00000000c2c00000|  0%| F|  |TAMS 0x00000000c2b00000, 0x00000000c2b00000| Untracked 
|  44|0x00000000c2c00000, 0x00000000c2c00000, 0x00000000c2d00000|  0%| F|  |TAMS 0x00000000c2c00000, 0x00000000c2c00000| Untracked 
|  45|0x00000000c2d00000, 0x00000000c2d00000, 0x00000000c2e00000|  0%| F|  |TAMS 0x00000000c2d00000, 0x00000000c2d00000| Untracked 
|  46|0x00000000c2e00000, 0x00000000c2e00000, 0x00000000c2f00000|  0%| F|  |TAMS 0x00000000c2e00000, 0x00000000c2e00000| Untracked 
|  47|0x00000000c2f00000, 0x00000000c2f00000, 0x00000000c3000000|  0%| F|  |TAMS 0x00000000c2f00000, 0x00000000c2f00000| Untracked 
|  48|0x00000000c3000000, 0x00000000c3000000, 0x00000000c3100000|  0%| F|  |TAMS 0x00000000c3000000, 0x00000000c3000000| Untracked 
|  49|0x00000000c3100000, 0x00000000c3100000, 0x00000000c3200000|  0%| F|  |TAMS 0x00000000c3100000, 0x00000000c3100000| Untracked 
|  50|0x00000000c3200000, 0x00000000c3200000, 0x00000000c3300000|  0%| F|  |TAMS 0x00000000c3200000, 0x00000000c3200000| Untracked 
|  51|0x00000000c3300000, 0x00000000c3300000, 0x00000000c3400000|  0%| F|  |TAMS 0x00000000c3300000, 0x00000000c3300000| Untracked 
|  52|0x00000000c3400000, 0x00000000c3400000, 0x00000000c3500000|  0%| F|  |TAMS 0x00000000c3400000, 0x00000000c3400000| Untracked 
|  53|0x00000000c3500000, 0x00000000c3500000, 0x00000000c3600000|  0%| F|  |TAMS 0x00000000c3500000, 0x00000000c3500000| Untracked 
|  54|0x00000000c3600000, 0x00000000c3600000, 0x00000000c3700000|  0%| F|  |TAMS 0x00000000c3600000, 0x00000000c3600000| Untracked 
|  55|0x00000000c3700000, 0x00000000c3700000, 0x00000000c3800000|  0%| F|  |TAMS 0x00000000c3700000, 0x00000000c3700000| Untracked 
|  56|0x00000000c3800000, 0x00000000c3800000, 0x00000000c3900000|  0%| F|  |TAMS 0x00000000c3800000, 0x00000000c3800000| Untracked 
|  57|0x00000000c3900000, 0x00000000c3900000, 0x00000000c3a00000|  0%| F|  |TAMS 0x00000000c3900000, 0x00000000c3900000| Untracked 
|  58|0x00000000c3a00000, 0x00000000c3a00000, 0x00000000c3b00000|  0%| F|  |TAMS 0x00000000c3a00000, 0x00000000c3a00000| Untracked 
|  59|0x00000000c3b00000, 0x00000000c3b00000, 0x00000000c3c00000|  0%| F|  |TAMS 0x00000000c3b00000, 0x00000000c3b00000| Untracked 
|  60|0x00000000c3c00000, 0x00000000c3c00000, 0x00000000c3d00000|  0%| F|  |TAMS 0x00000000c3c00000, 0x00000000c3c00000| Untracked 
|  61|0x00000000c3d00000, 0x00000000c3d00000, 0x00000000c3e00000|  0%| F|  |TAMS 0x00000000c3d00000, 0x00000000c3d00000| Untracked 
|  62|0x00000000c3e00000, 0x00000000c3e01a08, 0x00000000c3f00000|  0%| E|  |TAMS 0x00000000c3e00000, 0x00000000c3e00000| Complete 
|  63|0x00000000c3f00000, 0x00000000c4000000, 0x00000000c4000000|100%| E|CS|TAMS 0x00000000c3f00000, 0x00000000c3f00000| Complete 

Card table byte_map: [0x0000020adcc20000,0x0000020adce20000] _byte_map_base: 0x0000020adc620000

Marking Bits (Prev, Next): (CMBitMap*) 0x0000020ac50e6d10, (CMBitMap*) 0x0000020ac50e6cd8
 Prev Bits: [0x0000020ade020000, 0x0000020adf020000)
 Next Bits: [0x0000020add020000, 0x0000020ade020000)

Polling page: 0x0000020ac37e0000

Metaspace:

Usage:
  Non-class:     54.14 MB capacity,    53.21 MB ( 98%) used,   754.38 KB (  1%) free+waste,   200.19 KB ( <1%) overhead. 
      Class:      7.44 MB capacity,     6.83 MB ( 92%) used,   532.73 KB (  7%) free+waste,    92.81 KB (  1%) overhead. 
       Both:     61.58 MB capacity,    60.04 MB ( 97%) used,     1.26 MB (  2%) free+waste,   293.00 KB ( <1%) overhead. 

Virtual space:
  Non-class space:       56.00 MB reserved,      54.25 MB ( 97%) committed 
      Class space:        1.00 GB reserved,       7.50 MB ( <1%) committed 
             Both:        1.05 GB reserved,      61.75 MB (  6%) committed 

Chunk freelists:
   Non-Class:  5.75 KB
       Class:  0 bytes
        Both:  5.75 KB

CodeHeap 'non-profiled nmethods': size=120064Kb used=4843Kb max_used=4843Kb free=115220Kb
 bounds [0x0000020ad4eb0000, 0x0000020ad5390000, 0x0000020adc3f0000]
CodeHeap 'profiled nmethods': size=120000Kb used=18329Kb max_used=18329Kb free=101670Kb
 bounds [0x0000020acd980000, 0x0000020aceb90000, 0x0000020ad4eb0000]
CodeHeap 'non-nmethods': size=5696Kb used=1182Kb max_used=1236Kb free=4513Kb
 bounds [0x0000020acd3f0000, 0x0000020acd660000, 0x0000020acd980000]
 total_blobs=10354 nmethods=6939 adapters=444
 compilation: enabled
              stopped_count=0, restarted_count=0
 full_count=0

Compilation events (10 events):
Event: 58.291 Thread 0x0000020ae1fa9800 7556       3       org.jacoco.agent.rt.internal_f3994fa.asm.tree.MethodNode::visitTableSwitchInsn (28 bytes)
Event: 58.292 Thread 0x0000020ae1fa9800 nmethod 7556 0x0000020acdf71890 code [0x0000020acdf71ac0, 0x0000020acdf72470]
Event: 58.292 Thread 0x0000020ae1fa9800 7557       3       org.jacoco.agent.rt.internal_f3994fa.asm.tree.TableSwitchInsnNode::<init> (32 bytes)
Event: 58.293 Thread 0x0000020ae1fa9800 nmethod 7557 0x0000020acde1d090 code [0x0000020acde1d260, 0x0000020acde1d590]
Event: 58.293 Thread 0x0000020ae1fa9800 7558       3       org.jacoco.agent.rt.internal_f3994fa.core.internal.flow.MethodProbesAdapter::visitTableSwitchInsn (43 bytes)
Event: 58.294 Thread 0x0000020ae1fa9800 nmethod 7558 0x0000020acde34890 code [0x0000020acde34aa0, 0x0000020acde35040]
Event: 58.302 Thread 0x0000020ae1fa9800 7559       3       org.jacoco.agent.rt.internal_f3994fa.core.internal.instr.DuplicateFrameEliminator::visitTableSwitchInsn (18 bytes)
Event: 58.303 Thread 0x0000020ae1fa9800 nmethod 7559 0x0000020acde1ee10 code [0x0000020acde1efe0, 0x0000020acde1f210]
Event: 58.340 Thread 0x0000020ae1fa9800 7560   !   3       com.mysql.cj.conf.DefaultPropertySet::getProperty (89 bytes)
Event: 58.341 Thread 0x0000020ae1fa9800 nmethod 7560 0x0000020ace076890 code [0x0000020ace076ae0, 0x0000020ace077410]

GC Heap History (10 events):
Event: 52.079 GC heap before
{Heap before GC invocations=35 (full 0):
 garbage-first heap   total 65536K, used 55296K [0x00000000c0000000, 0x0000000100000000)
  region size 1024K, 37 young (37888K), 3 survivors (3072K)
 Metaspace       used 56955K, capacity 58445K, committed 58624K, reserved 1101824K
  class space    used 6535K, capacity 7106K, committed 7168K, reserved 1048576K
}
Event: 52.094 GC heap after
{Heap after GC invocations=36 (full 0):
 garbage-first heap   total 65536K, used 21335K [0x00000000c0000000, 0x0000000100000000)
  region size 1024K, 3 young (3072K), 3 survivors (3072K)
 Metaspace       used 56955K, capacity 58445K, committed 58624K, reserved 1101824K
  class space    used 6535K, capacity 7106K, committed 7168K, reserved 1048576K
}
Event: 54.328 GC heap before
{Heap before GC invocations=36 (full 0):
 garbage-first heap   total 65536K, used 55127K [0x00000000c0000000, 0x0000000100000000)
  region size 1024K, 36 young (36864K), 3 survivors (3072K)
 Metaspace       used 58421K, capacity 59942K, committed 60160K, reserved 1101824K
  class space    used 6701K, capacity 7302K, committed 7424K, reserved 1048576K
}
Event: 54.343 GC heap after
{Heap after GC invocations=37 (full 0):
 garbage-first heap   total 65536K, used 22000K [0x00000000c0000000, 0x0000000100000000)
  region size 1024K, 3 young (3072K), 3 survivors (3072K)
 Metaspace       used 58421K, capacity 59942K, committed 60160K, reserved 1101824K
  class space    used 6701K, capacity 7302K, committed 7424K, reserved 1048576K
}
Event: 54.704 GC heap before
{Heap before GC invocations=37 (full 0):
 garbage-first heap   total 65536K, used 25072K [0x00000000c0000000, 0x0000000100000000)
  region size 1024K, 7 young (7168K), 3 survivors (3072K)
 Metaspace       used 58500K, capacity 60009K, committed 60160K, reserved 1101824K
  class space    used 6709K, capacity 7303K, committed 7424K, reserved 1048576K
}
Event: 54.715 GC heap after
{Heap after GC invocations=38 (full 0):
 garbage-first heap   total 65536K, used 22207K [0x00000000c0000000, 0x0000000100000000)
  region size 1024K, 3 young (3072K), 3 survivors (3072K)
 Metaspace       used 58500K, capacity 60009K, committed 60160K, reserved 1101824K
  class space    used 6709K, capacity 7303K, committed 7424K, reserved 1048576K
}
Event: 56.941 GC heap before
{Heap before GC invocations=39 (full 0):
 garbage-first heap   total 65536K, used 43711K [0x00000000c0000000, 0x0000000100000000)
  region size 1024K, 24 young (24576K), 3 survivors (3072K)
 Metaspace       used 59419K, capacity 61044K, committed 61312K, reserved 1103872K
  class space    used 6825K, capacity 7478K, committed 7552K, reserved 1048576K
}
Event: 56.955 GC heap after
{Heap after GC invocations=40 (full 0):
 garbage-first heap   total 65536K, used 22956K [0x00000000c0000000, 0x0000000100000000)
  region size 1024K, 3 young (3072K), 3 survivors (3072K)
 Metaspace       used 59419K, capacity 61044K, committed 61312K, reserved 1103872K
  class space    used 6825K, capacity 7478K, committed 7552K, reserved 1048576K
}
Event: 58.170 GC heap before
{Heap before GC invocations=40 (full 0):
 garbage-first heap   total 65536K, used 45484K [0x00000000c0000000, 0x0000000100000000)
  region size 1024K, 26 young (26624K), 3 survivors (3072K)
 Metaspace       used 60463K, capacity 62025K, committed 62080K, reserved 1103872K
  class space    used 6906K, capacity 7549K, committed 7552K, reserved 1048576K
}
Event: 58.180 GC heap after
{Heap after GC invocations=41 (full 0):
 garbage-first heap   total 65536K, used 23703K [0x00000000c0000000, 0x0000000100000000)
  region size 1024K, 3 young (3072K), 3 survivors (3072K)
 Metaspace       used 60463K, capacity 62025K, committed 62080K, reserved 1103872K
  class space    used 6906K, capacity 7549K, committed 7552K, reserved 1048576K
}

Deoptimization events (10 events):
Event: 55.034 Thread 0x0000020ac50b7800 Uncommon trap: reason=class_check action=maybe_recompile pc=0x0000020ad531abc8 method=java.lang.invoke.LambdaForm$Name.replaceNames([Ljava/lang/invoke/LambdaForm$Name;[Ljava/lang/invoke/LambdaForm$Name;II)Ljava/lang/invoke/LambdaForm$Name; @ 33 c2
Event: 55.034 Thread 0x0000020ac50b7800 Uncommon trap: reason=class_check action=maybe_recompile pc=0x0000020ad531abc8 method=java.lang.invoke.LambdaForm$Name.replaceNames([Ljava/lang/invoke/LambdaForm$Name;[Ljava/lang/invoke/LambdaForm$Name;II)Ljava/lang/invoke/LambdaForm$Name; @ 33 c2
Event: 55.474 Thread 0x0000020ac50b7800 Uncommon trap: reason=unstable_if action=reinterpret pc=0x0000020ad4fef364 method=org.springframework.core.annotation.AnnotationsScanner.getDeclaredAnnotations(Ljava/lang/reflect/AnnotatedElement;Z)[Ljava/lang/annotation/Annotation; @ 272 c2
Event: 55.673 Thread 0x0000020ae32e8800 Uncommon trap: reason=unstable_if action=reinterpret pc=0x0000020ad52cd9f8 method=java.util.zip.ZipFile$Source.getEntryPos([BZ)I @ 145 c2
Event: 55.673 Thread 0x0000020ae32e8800 Uncommon trap: reason=unstable_if action=reinterpret pc=0x0000020ad50579fc method=java.net.URL.<init>(Ljava/net/URL;Ljava/lang/String;Ljava/net/URLStreamHandler;)V @ 57 c2
Event: 55.673 Thread 0x0000020ae32e8800 Uncommon trap: reason=unstable_if action=reinterpret pc=0x0000020ad5045710 method=java.net.URLStreamHandler.parseURL(Ljava/net/URL;Ljava/lang/String;II)V @ 57 c2
Event: 55.722 Thread 0x0000020ac50b7800 Uncommon trap: reason=class_check action=maybe_recompile pc=0x0000020ad521ff10 method=sun.reflect.generics.reflectiveObjects.TypeVariableImpl.hashCode()I @ 4 c2
Event: 55.729 Thread 0x0000020ac50b7800 Uncommon trap: reason=class_check action=maybe_recompile pc=0x0000020ad521ff10 method=sun.reflect.generics.reflectiveObjects.TypeVariableImpl.hashCode()I @ 4 c2
Event: 57.061 Thread 0x0000020ac50b7800 Uncommon trap: reason=unstable_if action=reinterpret pc=0x0000020ad52bbe28 method=java.util.Properties.loadConvert([CII[C)Ljava/lang/String; @ 445 c2
Event: 57.062 Thread 0x0000020ac50b7800 Uncommon trap: reason=unstable_if action=reinterpret pc=0x0000020ad52bac3c method=java.util.Properties.loadConvert([CII[C)Ljava/lang/String; @ 445 c2

Classes redefined (0 events):
No events

Internal exceptions (10 events):
Event: 55.727 Thread 0x0000020ac50b7800 Exception <a 'java/lang/ClassNotFoundException'{0x00000000c34f5758}: javax/sql/CommonDataSourceCustomizer> (0x00000000c34f5758) thrown at [t:/workspace/open/src/hotspot/share/classfile/systemDictionary.cpp, line 231]
Event: 55.728 Thread 0x0000020ac50b7800 Exception <a 'java/lang/ClassNotFoundException'{0x00000000c34fd050}: java/sql/WrapperCustomizer> (0x00000000c34fd050) thrown at [t:/workspace/open/src/hotspot/share/classfile/systemDictionary.cpp, line 231]
Event: 55.731 Thread 0x0000020ac50b7800 Exception <a 'java/lang/ClassNotFoundException'{0x00000000c331a118}: com/zaxxer/hikari/HikariConfigMXBeanCustomizer> (0x00000000c331a118) thrown at [t:/workspace/open/src/hotspot/share/classfile/systemDictionary.cpp, line 231]
Event: 55.938 Thread 0x0000020ac50b7800 Exception <a 'java/lang/ClassNotFoundException'{0x00000000c300d480}: java/lang/ObjectCustomizer> (0x00000000c300d480) thrown at [t:/workspace/open/src/hotspot/share/classfile/systemDictionary.cpp, line 231]
Event: 55.988 Thread 0x0000020ac50b7800 Exception <a 'java/lang/ClassNotFoundException'{0x00000000c30332f8}: org/springframework/boot/sql/init/AbstractScriptDatabaseInitializerCustomizer> (0x00000000c30332f8) thrown at [t:/workspace/open/src/hotspot/share/classfile/systemDictionary.cpp, line 23
Event: 55.991 Thread 0x0000020ac50b7800 Exception <a 'java/lang/ClassNotFoundException'{0x00000000c3058fd0}: org/springframework/boot/jdbc/init/DataSourceScriptDatabaseInitializerCustomizer> (0x00000000c3058fd0) thrown at [t:/workspace/open/src/hotspot/share/classfile/systemDictionary.cpp, line
Event: 55.994 Thread 0x0000020ac50b7800 Exception <a 'java/lang/ClassNotFoundException'{0x00000000c3082158}: org/springframework/boot/autoconfigure/sql/init/SqlDataSourceScriptDatabaseInitializerCustomizer> (0x00000000c3082158) thrown at [t:/workspace/open/src/hotspot/share/classfile/systemDict
Event: 56.008 Thread 0x0000020ac50b7800 Exception <a 'java/lang/ClassNotFoundException'{0x00000000c30a1bd8}: org/springframework/context/ResourceLoaderAwareCustomizer> (0x00000000c30a1bd8) thrown at [t:/workspace/open/src/hotspot/share/classfile/systemDictionary.cpp, line 231]
Event: 56.011 Thread 0x0000020ac50b7800 Exception <a 'java/lang/ClassNotFoundException'{0x00000000c30bcee8}: org/springframework/beans/factory/AwareCustomizer> (0x00000000c30bcee8) thrown at [t:/workspace/open/src/hotspot/share/classfile/systemDictionary.cpp, line 231]
Event: 56.013 Thread 0x0000020ac50b7800 Exception <a 'java/lang/ClassNotFoundException'{0x00000000c30db3e8}: org/springframework/beans/factory/InitializingBeanCustomizer> (0x00000000c30db3e8) thrown at [t:/workspace/open/src/hotspot/share/classfile/systemDictionary.cpp, line 231]

Events (10 events):
Event: 58.621 loading class java/net/ProxySelector done
Event: 58.621 loading class sun/net/spi/DefaultProxySelector
Event: 58.630 loading class sun/net/spi/DefaultProxySelector done
Event: 58.630 loading class java/net/Proxy
Event: 58.631 loading class java/net/Proxy done
Event: 58.631 loading class java/net/Proxy$Type
Event: 58.631 loading class java/net/Proxy$Type done
Event: 58.631 loading class sun/net/spi/DefaultProxySelector$1
Event: 58.631 loading class sun/net/spi/DefaultProxySelector$1 done
Event: 58.632 loading class sun/net/NetProperties


Dynamic libraries:
0x00007ff7f8d20000 - 0x00007ff7f8d67000 	C:\Program Files\Java\jdk-11.0.2\bin\java.exe
0x00007fff11cb0000 - 0x00007fff11ea5000 	C:\WINDOWS\SYSTEM32\ntdll.dll
0x00007fff118b0000 - 0x00007fff1196e000 	C:\WINDOWS\System32\KERNEL32.DLL
0x00007fff0f940000 - 0x00007fff0fc08000 	C:\WINDOWS\System32\KERNELBASE.dll
0x00007fff11110000 - 0x00007fff111be000 	C:\WINDOWS\System32\ADVAPI32.dll
0x00007fff10c30000 - 0x00007fff10cce000 	C:\WINDOWS\System32\msvcrt.dll
0x00007fff0fec0000 - 0x00007fff0ff5c000 	C:\WINDOWS\System32\sechost.dll
0x00007fff0fd90000 - 0x00007fff0feb5000 	C:\WINDOWS\System32\RPCRT4.dll
0x00007fff10a30000 - 0x00007fff10bd0000 	C:\WINDOWS\System32\USER32.dll
0x00007fff0f550000 - 0x00007fff0f572000 	C:\WINDOWS\System32\win32u.dll
0x00007fff110e0000 - 0x00007fff1110b000 	C:\WINDOWS\System32\GDI32.dll
0x00007fff0f830000 - 0x00007fff0f93b000 	C:\WINDOWS\System32\gdi32full.dll
0x00007fff0f460000 - 0x00007fff0f4fd000 	C:\WINDOWS\System32\msvcp_win.dll
0x00007fff0fc10000 - 0x00007fff0fd10000 	C:\WINDOWS\System32\ucrtbase.dll
0x00007fff032c0000 - 0x00007fff0355a000 	C:\WINDOWS\WinSxS\amd64_microsoft.windows.common-controls_6595b64144ccf1df_6.0.19041.1110_none_60b5254171f9507e\COMCTL32.dll
0x00007ffefe7e0000 - 0x00007ffefe7ea000 	C:\WINDOWS\SYSTEM32\VERSION.dll
0x00007fff11c40000 - 0x00007fff11c70000 	C:\WINDOWS\System32\IMM32.DLL
0x00007fff0ad80000 - 0x00007fff0ad96000 	C:\Program Files\Java\jdk-11.0.2\bin\vcruntime140.dll
0x00007ffef3130000 - 0x00007ffef31da000 	C:\Program Files\Java\jdk-11.0.2\bin\msvcp140.dll
0x00007ffec4500000 - 0x00007ffec5027000 	C:\Program Files\Java\jdk-11.0.2\bin\server\jvm.dll
0x00007fff118a0000 - 0x00007fff118a8000 	C:\WINDOWS\System32\PSAPI.DLL
0x00007fff0cc10000 - 0x00007fff0cc19000 	C:\WINDOWS\SYSTEM32\WSOCK32.dll
0x00007fff109c0000 - 0x00007fff10a2b000 	C:\WINDOWS\System32\WS2_32.dll
0x00007fff02e40000 - 0x00007fff02e67000 	C:\WINDOWS\SYSTEM32\WINMM.dll
0x00007fff0d2a0000 - 0x00007fff0d2b2000 	C:\WINDOWS\SYSTEM32\kernel.appcore.dll
0x00007fff03130000 - 0x00007fff03141000 	C:\Program Files\Java\jdk-11.0.2\bin\verify.dll
0x00007ffef9010000 - 0x00007ffef91f4000 	C:\WINDOWS\SYSTEM32\DBGHELP.DLL
0x00007ffef8fe0000 - 0x00007ffef900c000 	C:\WINDOWS\SYSTEM32\dbgcore.DLL
0x00007fff0f3d0000 - 0x00007fff0f452000 	C:\WINDOWS\System32\bcryptPrimitives.dll
0x00007ffef3100000 - 0x00007ffef3129000 	C:\Program Files\Java\jdk-11.0.2\bin\java.dll
0x00007ffef2c60000 - 0x00007ffef2c8f000 	C:\Program Files\Java\jdk-11.0.2\bin\instrument.dll
0x00007fff03090000 - 0x00007fff030a6000 	C:\Program Files\Java\jdk-11.0.2\bin\zip.dll
0x00007fff0c330000 - 0x00007fff0c33a000 	C:\Program Files\Java\jdk-11.0.2\bin\jimage.dll
0x00007fff10200000 - 0x00007fff10944000 	C:\WINDOWS\System32\SHELL32.dll
0x00007fff0d4a0000 - 0x00007fff0dc34000 	C:\WINDOWS\SYSTEM32\windows.storage.dll
0x00007fff10cd0000 - 0x00007fff11024000 	C:\WINDOWS\System32\combase.dll
0x00007fff0ece0000 - 0x00007fff0ed0c000 	C:\WINDOWS\SYSTEM32\Wldp.dll
0x00007fff11380000 - 0x00007fff1142d000 	C:\WINDOWS\System32\SHCORE.dll
0x00007fff0fd30000 - 0x00007fff0fd85000 	C:\WINDOWS\System32\shlwapi.dll
0x00007fff0f310000 - 0x00007fff0f32f000 	C:\WINDOWS\SYSTEM32\profapi.dll
0x00007fff01070000 - 0x00007fff01089000 	C:\Program Files\Java\jdk-11.0.2\bin\net.dll
0x00007fff04f70000 - 0x00007fff05079000 	C:\WINDOWS\SYSTEM32\WINHTTP.dll
0x00007fff01730000 - 0x00007fff0191c000 	C:\WINDOWS\SYSTEM32\urlmon.dll
0x00007fff01b60000 - 0x00007fff01e11000 	C:\WINDOWS\SYSTEM32\iertutil.dll
0x00007fff01700000 - 0x00007fff01728000 	C:\WINDOWS\SYSTEM32\srvcli.dll
0x00007fff0e880000 - 0x00007fff0e88c000 	C:\WINDOWS\SYSTEM32\netutils.dll
0x00007fff0ea60000 - 0x00007fff0eaca000 	C:\WINDOWS\system32\mswsock.dll
0x00007fff003e0000 - 0x00007fff003f3000 	C:\Program Files\Java\jdk-11.0.2\bin\nio.dll
0x00007ffef8330000 - 0x00007ffef8347000 	C:\WINDOWS\system32\napinsp.dll
0x00007ffef4a80000 - 0x00007ffef4a9b000 	C:\WINDOWS\system32\pnrpnsp.dll
0x00007fff0a1e0000 - 0x00007fff0a1f5000 	C:\WINDOWS\system32\wshbth.dll
0x00007fff0ab60000 - 0x00007fff0ab7d000 	C:\WINDOWS\system32\NLAapi.dll
0x00007fff0e770000 - 0x00007fff0e7ab000 	C:\WINDOWS\SYSTEM32\IPHLPAPI.DLL
0x00007fff0e7b0000 - 0x00007fff0e87a000 	C:\WINDOWS\SYSTEM32\DNSAPI.dll
0x00007fff10950000 - 0x00007fff10958000 	C:\WINDOWS\System32\NSI.dll
0x00007ffef0810000 - 0x00007ffef0822000 	C:\WINDOWS\System32\winrnr.dll
0x00007fff086c0000 - 0x00007fff086ca000 	C:\Windows\System32\rasadhlp.dll
0x00007fff01ae0000 - 0x00007fff01b5f000 	C:\WINDOWS\System32\fwpuclnt.dll
0x00007fff0f800000 - 0x00007fff0f827000 	C:\WINDOWS\System32\bcrypt.dll
0x00007fff07f30000 - 0x00007fff07f39000 	C:\Program Files\Java\jdk-11.0.2\bin\management.dll
0x00007fff02e70000 - 0x00007fff02e7c000 	C:\Program Files\Java\jdk-11.0.2\bin\management_ext.dll
0x00007fff0ec90000 - 0x00007fff0eca8000 	C:\WINDOWS\SYSTEM32\CRYPTSP.dll
0x00007fff0e400000 - 0x00007fff0e434000 	C:\WINDOWS\system32\rsaenh.dll
0x00007fff0f290000 - 0x00007fff0f2be000 	C:\WINDOWS\SYSTEM32\USERENV.dll
0x00007fff0ebf0000 - 0x00007fff0ebfc000 	C:\WINDOWS\SYSTEM32\CRYPTBASE.dll
0x00007fff072e0000 - 0x00007fff072f7000 	C:\WINDOWS\SYSTEM32\dhcpcsvc6.DLL
0x00007fff073c0000 - 0x00007fff073dd000 	C:\WINDOWS\SYSTEM32\dhcpcsvc.DLL

dbghelp: loaded successfully - version: 4.0.5 - missing functions: none
symbol engine: initialized successfully - sym options: 0x614 - pdb path: .;C:\Program Files\Java\jdk-11.0.2\bin;C:\WINDOWS\SYSTEM32;C:\WINDOWS\WinSxS\amd64_microsoft.windows.common-controls_6595b64144ccf1df_6.0.19041.1110_none_60b5254171f9507e;C:\Program Files\Java\jdk-11.0.2\bin\server

VM Arguments:
jvm_args: -javaagent:C:\\Users\\vithy\\.m2\\repository\\org\\jacoco\\org.jacoco.agent\\0.8.6\\org.jacoco.agent-0.8.6-runtime.jar=destfile=e:\\Springboot\\InnectoToken\\login\\target\\jacoco.exec -Xms64m -Xmx1024m 
java_command: C:\Users\vithy\AppData\Local\Temp\surefire16800123073664803805\surefirebooter2729643956887642474.jar C:\Users\vithy\AppData\Local\Temp\surefire16800123073664803805 2022-03-04T23-35-46_854-jvmRun1 surefire3215747132052382163tmp surefire_015902798679340417404tmp
java_class_path (initial): C:\Users\vithy\AppData\Local\Temp\surefire16800123073664803805\surefirebooter2729643956887642474.jar
Launcher Type: SUN_STANDARD

[Global flags]
     intx CICompilerCount                          = 3                                         {product} {ergonomic}
     uint ConcGCThreads                            = 1                                         {product} {ergonomic}
     uint G1ConcRefinementThreads                  = 4                                         {product} {ergonomic}
   size_t G1HeapRegionSize                         = 1048576                                   {product} {ergonomic}
    uintx GCDrainStackTargetSize                   = 64                                        {product} {ergonomic}
   size_t InitialHeapSize                          = 67108864                                  {product} {command line}
   size_t MarkStackSize                            = 4194304                                   {product} {ergonomic}
   size_t MaxHeapSize                              = 1073741824                                {product} {command line}
   size_t MaxNewSize                               = 643825664                                 {product} {ergonomic}
   size_t MinHeapDeltaBytes                        = 1048576                                   {product} {ergonomic}
    uintx NonNMethodCodeHeapSize                   = 5830092                                {pd product} {ergonomic}
    uintx NonProfiledCodeHeapSize                  = 122914074                              {pd product} {ergonomic}
    uintx ProfiledCodeHeapSize                     = 122914074                              {pd product} {ergonomic}
    uintx ReservedCodeCacheSize                    = 251658240                              {pd product} {ergonomic}
     bool SegmentedCodeCache                       = true                                      {product} {ergonomic}
     bool UseCompressedClassPointers               = true                                 {lp64_product} {ergonomic}
     bool UseCompressedOops                        = true                                 {lp64_product} {ergonomic}
     bool UseG1GC                                  = true                                      {product} {ergonomic}
     bool UseLargePagesIndividualAllocation        = false                                  {pd product} {ergonomic}

Logging:
Log output configuration:
 #0: stdout all=warning uptime,level,tags
 #1: stderr all=off uptime,level,tags

Environment Variables:
JAVA_HOME=C:\Program Files\Java\jdk-11.0.2
_JAVA_OPTIONS=-Xms64m -Xmx1024m
PATH=C:\Program Files\Common Files\Oracle\Java\javapath;C:\Program Files (x86)\Common Files\Intel\Shared Libraries\redist\intel64_win\compiler;C:\WINDOWS\system32;C:\WINDOWS;C:\WINDOWS\System32\Wbem;C:\WINDOWS\System32\WindowsPowerShell\v1.0\;C:\WINDOWS\System32\OpenSSH\;C:\Program Files\Microsoft VS Code\bin;C:\xampp\php;C:\Program Files (x86)\Git\cmd;C:\Program Files\Docker\Docker\resources\bin;C:\ProgramData\DockerDesktop\version-bin;C:\Program Files\Java\jdk-11.0.2\bin;C:\Program Files\Python;C:\Program Files\apache-maven-3.8.3\bin;C:\ProgramData\Oracle\Java\javapath;C:\Program Files (x86)\Common Files\Oracle\Java\javapath;C:\Program Files\spring-2.6.0-SNAPSHOT\bin;C:\zookeeper\bin;C:\Program Files\gradle-7.3.1\bin;C:\WINDOWS\system32;C:\WINDOWS;C:\WINDOWS\System32\Wbem;C:\WINDOWS\System32\WindowsPowerShell\v1.0\;C:\WINDOWS\System32\OpenSSH\;C:\Users\vithy\AppData\Local\Microsoft\WindowsApps;C:\Users\vithy\AppData\Local\Microsoft\WindowsApps;C:\Program Files (x86)\graphviz\release\bin;C:\Program Files (x86)\graphviz\release\bin\dot.exe;C:\Program Files (x86)\Git\cmd;C:\Program Files (x86)\node;C:\Program Files (x86)\node\node_modules\npm\bin;C:\Program Files\JetBrains\IntelliJ IDEA Community Edition 2021.3.2\bin;
USERNAME=vithy
OS=Windows_NT
PROCESSOR_IDENTIFIER=Intel64 Family 6 Model 92 Stepping 9, GenuineIntel



---------------  S Y S T E M  ---------------

OS: Windows 10 , 64 bit Build 19041 (10.0.19041.1566)

CPU:total 4 (initial active 4) (4 cores per cpu, 1 threads per core) family 6 model 92 stepping 9, cmov, cx8, fxsr, mmx, sse, sse2, sse3, ssse3, sse4.1, sse4.2, popcnt, aes, clmul, erms, 3dnowpref, tsc, tscinvbit, sha

Memory: 4k page, system-wide physical 3920M (284M free)
TotalPageFile size 11920M (AvailPageFile size 4256M)
current process WorkingSet (physical memory assigned to process): 243M, peak: 245M
current process commit charge ("private bytes"): 278M, peak: 283M

vm_info: Java HotSpot(TM) 64-Bit Server VM (11.0.2+9-LTS) for windows-amd64 JRE (11.0.2+9-LTS), built on Jan 18 2019 05:24:10 by "mach5one" with MS VC++ 15.5 (VS2017)

END.
